------Start of DE processing------ = [1/6/18 13:01:50:690 BRST]
Exception = java.lang.NullPointerException
Source = com.ibm.ws.kernel.service.location.internal.Activator
probeid = 67
Stack Dump = java.lang.NullPointerException
	at com.ibm.ws.kernel.service.location.internal.Activator.start(Activator.java:53)
	at org.eclipse.osgi.internal.framework.BundleContextImpl$3.run(BundleContextImpl.java:779)
	at org.eclipse.osgi.internal.framework.BundleContextImpl$3.run(BundleContextImpl.java:1)
	at java.security.AccessController.doPrivileged(Native Method)
	at org.eclipse.osgi.internal.framework.BundleContextImpl.startActivator(BundleContextImpl.java:772)
	at org.eclipse.osgi.internal.framework.BundleContextImpl.start(BundleContextImpl.java:729)
	at org.eclipse.osgi.internal.framework.EquinoxBundle.startWorker0(EquinoxBundle.java:933)
	at org.eclipse.osgi.internal.framework.EquinoxBundle$EquinoxModule.startWorker(EquinoxBundle.java:309)
	at org.eclipse.osgi.container.Module.doStart(Module.java:581)
	at org.eclipse.osgi.container.Module.start(Module.java:449)
	at org.eclipse.osgi.container.ModuleContainer$ContainerStartLevel.incStartLevel(ModuleContainer.java:1634)
	at org.eclipse.osgi.container.ModuleContainer$ContainerStartLevel.incStartLevel(ModuleContainer.java:1614)
	at org.eclipse.osgi.container.ModuleContainer$ContainerStartLevel.doContainerStartLevel(ModuleContainer.java:1585)
	at org.eclipse.osgi.container.ModuleContainer$ContainerStartLevel.dispatchEvent(ModuleContainer.java:1528)
	at org.eclipse.osgi.container.ModuleContainer$ContainerStartLevel.dispatchEvent(ModuleContainer.java:1)
	at org.eclipse.osgi.framework.eventmgr.EventManager.dispatchEvent(EventManager.java:230)
	at org.eclipse.osgi.framework.eventmgr.EventManager$EventThread.run(EventManager.java:340)

Dump of callerThis
Object type = com.ibm.ws.kernel.service.location.internal.Activator
  tc = class com.ibm.websphere.ras.TraceComponent@6998e338
    strings[0] = "TraceComponent[com.ibm.ws.kernel.service.location.internal.Activator,class com.ibm.ws.kernel.service.location.internal.Activator,[locationService],com.ibm.ws.kernel.service.location.internal.resources.LocServiceMessages,null]"
  context = class org.eclipse.osgi.internal.framework.BundleContextImpl@6d639a4b
    findHookName = "org.osgi.framework.hooks.bundle.FindHook"
    valid = true
    bundle = class org.eclipse.osgi.internal.framework.EquinoxBundle@578da21f
      equinoxContainer = class org.eclipse.osgi.internal.framework.EquinoxContainer@563c347a
      module = class org.eclipse.osgi.internal.framework.EquinoxBundle$EquinoxModule@96ba55a
      monitor = class java.lang.Object@7a34bc8a
      context = class org.eclipse.osgi.internal.framework.BundleContextImpl@6d639a4b
      signerInfos = null
      $SWITCH_TABLE$org$eclipse$osgi$container$Module$State = {1,2,3,4,5,6,7} /* array length = 7 */
    container = class org.eclipse.osgi.internal.framework.EquinoxContainer@563c347a
      NAME = "org.eclipse.osgi"
      secureAction = class org.eclipse.osgi.framework.util.SecureAction@e5883fc
      equinoxConfig = class org.eclipse.osgi.internal.framework.EquinoxConfiguration@55411cbf
      logServices = class org.eclipse.osgi.internal.log.EquinoxLogServices@25c66b53
      storage = class org.eclipse.osgi.storage.Storage@5b02985
      packageAdmin = class org.eclipse.osgi.internal.framework.legacy.PackageAdminImpl@7075ddad
      startLevel = class org.eclipse.osgi.internal.framework.legacy.StartLevelImpl@4a2cc289
      bootDelegation = class java.util.HashSet@4097d66a
      bootDelegationStems = class java.lang.String[12]
      bootDelegateAll = false
      isProcessClassRecursionSupportedByAll = false
      eventPublisher = class org.eclipse.osgi.internal.framework.EquinoxEventPublisher@2f993b4f
      monitor = class java.lang.Object@1a9ff430
      serviceRegistry = class org.eclipse.osgi.internal.serviceregistry.ServiceRegistry@7b5888f7
      contextFinder = class org.eclipse.osgi.internal.framework.ContextFinder@71884f64
      signedContentFactory = class org.osgi.util.tracker.ServiceTracker@6fd6733c
      executor = class java.util.concurrent.ScheduledThreadPoolExecutor@6827a180
      storageSaver = class org.eclipse.osgi.internal.framework.StorageSaver@1dc0fec
    debug = class org.eclipse.osgi.internal.debug.Debug@a9961d1
      ECLIPSE_OSGI = "org.eclipse.osgi"
      OPTION_DEBUG_GENERAL = "org.eclipse.osgi/debug"
      OPTION_DEBUG_BUNDLE_TIME = "org.eclipse.osgi/debug/bundleTime"
      OPTION_DEBUG_LOADER = "org.eclipse.osgi/debug/loader"
      OPTION_DEBUG_STORAGE = "org.eclipse.osgi/debug/storage"
      OPTION_DEBUG_EVENTS = "org.eclipse.osgi/debug/events"
      OPTION_DEBUG_SERVICES = "org.eclipse.osgi/debug/services"
      OPTION_DEBUG_HOOKS = "org.eclipse.osgi/debug/hooks"
      OPTION_DEBUG_MANIFEST = "org.eclipse.osgi/debug/manifest"
      OPTION_DEBUG_FILTER = "org.eclipse.osgi/debug/filter"
      OPTION_DEBUG_SECURITY = "org.eclipse.osgi/debug/security"
      OPTION_DEBUG_STARTLEVEL = "org.eclipse.osgi/debug/startlevel"
      OPTION_DEBUG_PACKAGEADMIN = "org.eclipse.osgi/debug/packageadmin"
      OPTION_DEBUG_PACKAGEADMIN_TIMING = "org.eclipse.osgi/debug/packageadmin/timing"
      OPTION_MONITOR_ACTIVATION = "org.eclipse.osgi/monitor/activation"
      OPTION_MONITOR_LAZY = "org.eclipse.osgi/monitor/lazy"
      OPTION_DEBUG_MESSAGE_BUNDLES = "org.eclipse.osgi/debug/messageBundles"
      OPTION_DEBUG_LOCATION = "org.eclipse.osgi/debug/location"
      OPTION_CACHED_MANIFEST = "org.eclipse.osgi/debug/cachedmanifest"
      OPTION_DEBUG_SYSTEM_BUNDLE = "org.eclipse.osgi/debug/systemBundle"
      DEBUG_GENERAL = false
      DEBUG_BUNDLE_TIME = false
      DEBUG_LOADER = false
      DEBUG_STORAGE = false
      DEBUG_EVENTS = false
      DEBUG_SERVICES = false
      DEBUG_HOOKS = false
      DEBUG_MANIFEST = false
      DEBUG_FILTER = false
      DEBUG_SECURITY = false
      DEBUG_STARTLEVEL = false
      DEBUG_PACKAGEADMIN = false
      DEBUG_PACKAGEADMIN_TIMING = false
      DEBUG_MESSAGE_BUNDLES = false
      MONITOR_ACTIVATION = false
      DEBUG_LOCATION = false
      DEBUG_CACHED_MANIFEST = false
      DEBUG_SYSTEM_BUNDLE = false
      out = class com.ibm.ws.logging.internal.impl.BaseTraceService$TeePrintStream@75615682
    servicesInUse = null
    activator = class com.ibm.ws.kernel.service.location.internal.Activator@22b49166
    contextLock = class java.lang.Object@5be4e5c6
  contextFactory = null
  serialVersionUID = -4492707902302007934

Dump of objectArray[0]
Object type = org.eclipse.osgi.internal.framework.BundleContextImpl
  findHookName = "org.osgi.framework.hooks.bundle.FindHook"
  valid = true
  bundle = class org.eclipse.osgi.internal.framework.EquinoxBundle@578da21f
    equinoxContainer = class org.eclipse.osgi.internal.framework.EquinoxContainer@563c347a
    module = class org.eclipse.osgi.internal.framework.EquinoxBundle$EquinoxModule@96ba55a
      this$0 = class org.eclipse.osgi.internal.framework.EquinoxBundle@578da21f
      ACTIVE_SET = class java.util.RegularEnumSet@2af459a4
      RESOLVED_SET = class java.util.RegularEnumSet@10293404
      id = 4
      location = "kernel@reference:file:/MRXFOCUS/PROJETOS/MRXFOCUS_SMARTHOUSE/smarthouse/3_implementacao/wlp/lib/com.ibm.ws.kernel.service.location_1.1.19.jar"
      revisions = class org.eclipse.osgi.container.ModuleRevisions@115fae6
      stateChangeLock = class org.eclipse.osgi.internal.container.EquinoxReentrantLock@4a0b1298
      stateTransitionEvents = class java.util.RegularEnumSet@1cf1df22
      settings = class java.util.RegularEnumSet@4b704006
      inStart = class java.util.concurrent.atomic.AtomicInteger@367b709b
      state = class org.eclipse.osgi.container.Module$State@621dec0e
      startlevel = 2
      lastModified = 1515250381443
      VALID_RESOLVED_TRANSITION = class java.util.RegularEnumSet@1a74bd75
      VALID_STOPPED_TRANSITION = class java.util.RegularEnumSet@664259e4
      $SWITCH_TABLE$org$eclipse$osgi$container$ModuleContainerAdaptor$ModuleEvent = {1,2,3,4,5,6,7,8,9,10} /* array length = 10 */
    monitor = class java.lang.Object@7a34bc8a
    context = class org.eclipse.osgi.internal.framework.BundleContextImpl@6d639a4b
    signerInfos = null
    $SWITCH_TABLE$org$eclipse$osgi$container$Module$State = {1,2,3,4,5,6,7} /* array length = 7 */
  container = class org.eclipse.osgi.internal.framework.EquinoxContainer@563c347a
    NAME = "org.eclipse.osgi"
    secureAction = class org.eclipse.osgi.framework.util.SecureAction@e5883fc
      controlContext = class java.security.AccessControlContext@7801b9ea
      bootClassLoader = class org.eclipse.osgi.framework.util.SecureAction$1$1@3954ef33
    equinoxConfig = class org.eclipse.osgi.internal.framework.EquinoxConfiguration@55411cbf
      CONFIG_FILE = "config.ini"
      INTERNAL_OS_SUNOS = "SunOS"
      INTERNAL_OS_LINUX = "Linux"
      INTERNAL_OS_MACOSX = "Mac OS"
      INTERNAL_OS_AIX = "AIX"
      INTERNAL_OS_HPUX = "HP-UX"
      INTERNAL_OS_QNX = "QNX"
      INTERNAL_OS_OS400 = "OS/400"
      INTERNAL_OS_OS390 = "OS/390"
      INTERNAL_OS_ZOS = "z/OS"
      INTERNAL_ARCH_I386 = "i386"
      INTERNAL_AMD64 = "amd64"
      VARIABLE_DELIM_STRING = "$"
      VARIABLE_DELIM_CHAR = $
      configValues = class org.eclipse.osgi.internal.framework.EquinoxConfiguration$ConfigValues@4eb56343
      debug = class org.eclipse.osgi.internal.debug.Debug@a9961d1
      debugOptions = class org.eclipse.osgi.internal.debug.FrameworkDebugOptions@6687ec13
      hookRegistry = class org.eclipse.osgi.internal.hookregistry.HookRegistry@66d023da
      aliasMapper = class org.eclipse.osgi.internal.framework.AliasMapper@6ae1f1f1
      equinoxLocations = class org.eclipse.osgi.internal.location.EquinoxLocations@17d33c09
      allArgs = null
      frameworkArgs = null
      appArgs = null
      inDevelopmentMode = false
      devLocation = null
      devMonitor = class java.lang.Object@2d0a7f17
      devDefaultClasspath = null
      devProperties = null
      devLastModified = 0
      contextBootDelegation = false
      compatibilityBootDelegation = false
      compatibilityLazyTriggerOnFailLoad = false
      LIB_EXTENSIONS = class java.util.Collections$UnmodifiableRandomAccessList@c1dd61b
      ECLIPSE_LIB_VARIANTS = class java.util.Collections$UnmodifiableRandomAccessList@7ad38cd3
      COPY_NATIVES = false
      ECLIPSE_NL_JAR_VARIANTS = class java.util.ArrayList@56c2afa4
      DEFINE_PACKAGE_ATTRIBUTES = true
      BUNDLE_SET_TCCL = true
      BSN_VERSION = 3
      BSN_VERSION_SINGLE = 1
      BSN_VERSION_MULTIPLE = 2
      BSN_VERSION_MANAGED = 3
      throwErrorOnFailedStart = true
      CLASS_CERTIFICATE = true
      PARALLEL_CAPABLE = false
      PROP_JVM_OS_ARCH = "os.arch"
      PROP_JVM_OS_NAME = "os.name"
      PROP_JVM_OS_VERSION = "os.version"
      PROP_JVM_SPEC_VERSION = "java.specification.version"
      PROP_JVM_SPEC_NAME = "java.specification.name"
      PROP_J2ME_MICROEDITION_CONFIGURATION = "microedition.configuration"
      PROP_J2ME_MICROEDITION_PROFILES = "microedition.profiles"
      PROP_SETPERMS_CMD = "osgi.filepermissions.command"
      PROP_DEBUG = "osgi.debug"
      PROP_DEBUG_VERBOSE = "osgi.debug.verbose"
      PROP_DEV = "osgi.dev"
      PROP_CLEAN = "osgi.clean"
      PROP_USE_SYSTEM_PROPERTIES = "osgi.framework.useSystemProperties"
      PROP_FRAMEWORK = "osgi.framework"
      ECLIPSE_FRAMEWORK_VENDOR = "Eclipse"
      PROP_OSGI_JAVA_PROFILE = "osgi.java.profile"
      PROP_OSGI_JAVA_PROFILE_NAME = "osgi.java.profile.name"
      PROP_OSGI_JAVA_PROFILE_BOOTDELEGATION = "osgi.java.profile.bootdelegation"
      PROP_OSGI_BOOTDELEGATION_IGNORE = "ignore"
      PROP_OSGI_BOOTDELEGATION_OVERRIDE = "override"
      PROP_OSGI_BOOTDELEGATION_NONE = "none"
      PROP_CONTEXT_BOOTDELEGATION = "osgi.context.bootdelegation"
      PROP_COMPATIBILITY_BOOTDELEGATION = "osgi.compatibility.bootdelegation"
      PROP_COMPATIBILITY_ERROR_FAILED_START = "osgi.compatibility.errorOnFailedStart"
      PROP_COMPATIBILITY_START_LAZY = "osgi.compatibility.eagerStart.LazyActivation"
      PROP_COMPATIBILITY_START_LAZY_ON_FAIL_CLASSLOAD = "osgi.compatibility.trigger.lazyActivation.onFailedClassLoad"
      PROP_OSGI_OS = "osgi.os"
      PROP_OSGI_WS = "osgi.ws"
      PROP_OSGI_ARCH = "osgi.arch"
      PROP_OSGI_NL = "osgi.nl"
      PROP_OSGI_NL_USER = "osgi.nl.user"
      PROP_ROOT_LOCALE = "equinox.root.locale"
      PROP_PARENT_CLASSLOADER = "osgi.parentClassloader"
      PARENT_CLASSLOADER_FWK = "fwk"
      PROP_CONTEXTCLASSLOADER_PARENT = "osgi.contextClassLoaderParent"
      CONTEXTCLASSLOADER_PARENT_APP = "app"
      CONTEXTCLASSLOADER_PARENT_EXT = "ext"
      CONTEXTCLASSLOADER_PARENT_BOOT = "boot"
      CONTEXTCLASSLOADER_PARENT_FWK = "fwk"
      PROP_FRAMEWORK_LIBRARY_EXTENSIONS = "osgi.framework.library.extensions"
      PROP_COPY_NATIVES = "osgi.classloader.copy.natives"
      PROP_DEFINE_PACKAGES = "osgi.classloader.define.packages"
      PROP_BUNDLE_SETTCCL = "eclipse.bundle.setTCCL"
      PROP_EQUINOX_SECURITY = "eclipse.security"
      PROP_FILE_LIMIT = "osgi.bundlefile.limit"
      PROP_CLASS_CERTIFICATE_SUPPORT = "osgi.support.class.certificate"
      PROP_CLASS_LOADER_TYPE = "osgi.classloader.type"
      CLASS_LOADER_TYPE_PARALLEL = "parallel"
      PROP_FORCED_RESTART = "osgi.forcedRestart"
      PROP_IGNORE_USER_CONFIGURATION = "eclipse.ignoreUserConfiguration"
      PROPERTY_STRICT_BUNDLE_ENTRY_PATH = "osgi.strictBundleEntryPath"
      PROP_CHECK_CONFIGURATION = "osgi.checkConfiguration"
      inCheckConfigurationMode = true
      DEFAULT_STATE_SAVE_DELAY_INTERVAL = "30000"
      PROP_STATE_SAVE_DELAY_INTERVAL = "eclipse.stateSaveDelayInterval"
      PROP_MODULE_LOCK_TIMEOUT = "osgi.module.lock.timeout"
      PROP_MODULE_AUTO_START_ON_RESOLVE = "osgi.module.auto.start.on.resolve"
      PROP_ALLOW_RESTRICTED_PROVIDES = "osgi.equinox.allow.restricted.provides"
      PROP_LOG_HISTORY_MAX = "equinox.log.history.max"
      PROP_RESOLVER_THREAD_COUNT = "equinox.resolver.thead.count"
      PROP_RESOLVER_REVISION_BATCH_SIZE = "equinox.resolver.revision.batch.size"
      PROP_RESOLVER_BATCH_TIMEOUT = "equinox.resolver.batch.timeout"
      PROP_SYSTEM_PROVIDE_HEADER = "equinox.system.provide.header"
      SYSTEM_PROVIDE_HEADER_ORIGINAL = "original"
      SYSTEM_PROVIDE_HEADER_SYSTEM = "system"
      SYSTEM_PROVIDE_HEADER_SYSTEM_EXTRA = "system.extra"
      PROP_DEFAULT_SUFFIX = ".default"
      PROP_WITH_ECLIPSE_STARTER_DEFAULTS = class java.util.Collections$SingletonList@799647c
      PROP_INIT_UUID = "equinox.init.uuid"
      PROP_ACTIVE_THREAD_TYPE = "osgi.framework.activeThreadType"
      ACTIVE_THREAD_TYPE_NORMAL = "normal"
    logServices = class org.eclipse.osgi.internal.log.EquinoxLogServices@25c66b53
      EQUINOX_LOGGER_NAME = "org.eclipse.equinox.logger"
      PERF_LOGGER_NAME = "org.eclipse.performance.logger"
      PROP_LOG_ENABLED = "eclipse.log.enabled"
      LOG_EXT = ".log"
      logServiceManager = class org.eclipse.osgi.internal.log.LogServiceManager@63534f4f
      eclipseLogFactory = class org.eclipse.osgi.internal.log.EquinoxLogFactory@727bfe7a
      logWriter = class org.eclipse.osgi.internal.log.EquinoxLogWriter@2a80364e
      perfWriter = class org.eclipse.osgi.internal.log.EquinoxLogWriter@476d50ae
      rootFrameworkLog = class org.eclipse.osgi.internal.log.EquinoxLogFactory$1@59cbf424
      frameworkLogReg = class org.eclipse.osgi.internal.serviceregistry.ServiceRegistrationImpl@5d09958a
      perfLogReg = class org.eclipse.osgi.internal.serviceregistry.ServiceRegistrationImpl@2038c6be
    storage = class org.eclipse.osgi.storage.Storage@5b02985
      VERSION = 3
      BUNDLE_DATA_DIR = "data"
      BUNDLE_FILE_NAME = "bundleFile"
      FRAMEWORK_INFO = "framework.info"
      ECLIPSE_SYSTEMBUNDLE = "Eclipse-SystemBundle"
      DELETE_FLAG = ".delete"
      LIB_TEMP = "libtemp"
      J2SE = "J2SE"
      JAVASE = "JavaSE"
      PROFILE_EXT = ".profile"
      NUL = " "
      INITIAL_LOCATION = "initial@"
      secureAction = class org.eclipse.osgi.framework.util.SecureAction@73a54cb6
      equinoxContainer = class org.eclipse.osgi.internal.framework.EquinoxContainer@563c347a
      installPath = "/MRXFOCUS/PROJETOS/MRXFOCUS_SMARTHOUSE/smarthouse/3_implementacao/wlp/lib/"
      osgiLocation = class org.eclipse.osgi.internal.location.BasicLocation@6158aa89
      childRoot = class java.io.File@4243a4d
      parentRoot = null
      permissionData = class org.eclipse.osgi.storage.PermissionData@666f975a
      securityAdmin = class org.eclipse.osgi.internal.permadmin.SecurityAdmin@2839ca40
      adaptor = class org.eclipse.osgi.internal.framework.EquinoxContainerAdaptor@6a0d4461
      moduleDatabase = class org.eclipse.osgi.container.ModuleDatabase@d0472ac
      moduleContainer = class org.eclipse.osgi.container.ModuleContainer@41f41f8f
      saveMonitor = class java.lang.Object@1f0480e1
      lastSavedTimestamp = 1515250381137
      mruList = class org.eclipse.osgi.storage.bundlefile.MRUBundleFileList@60a943af
      extensionInstaller = class org.eclipse.osgi.storage.FrameworkExtensionInstaller@89ac7bd
      cachedHeaderKeys = class java.util.Arrays$ArrayList@69af4db4
      allowRestrictedProvides = true
    packageAdmin = class org.eclipse.osgi.internal.framework.legacy.PackageAdminImpl@7075ddad
      container = class org.eclipse.osgi.container.ModuleContainer@41f41f8f
    startLevel = class org.eclipse.osgi.internal.framework.legacy.StartLevelImpl@4a2cc289
      container = class org.eclipse.osgi.container.ModuleContainer@41f41f8f
    bootDelegation = class java.util.HashSet@4097d66a
      serialVersionUID = -5024744406713321676
      map = class java.util.HashMap@b8d708f
      PRESENT = class java.lang.Object@72d8c235
      MAX_ARRAY_SIZE = 2147483639
    bootDelegationStems = class java.lang.String[12]
      String[0] = "sun."
      String[1] = "com.sun."
      String[2] = "com.ibm.ws.boot.delegated."
      String[3] = "org.apache.xml."
      String[4] = "org.apache.xerces."
      String[5] = "com.ibm.xylem."
      String[6] = "com.ibm.xml."
      String[7] = "com.ibm.xtq."
      String[8] = "com.ibm.net.ssl."
      String[9] = "com.ibm.crypto."
      String[10] = "com.ibm.security."
      String[11] = "jdk."
    bootDelegateAll = false
    isProcessClassRecursionSupportedByAll = false
    eventPublisher = class org.eclipse.osgi.internal.framework.EquinoxEventPublisher@2f993b4f
      eventHookName = "org.osgi.framework.hooks.bundle.EventHook"
      collisionHookName = "org.osgi.framework.hooks.bundle.CollisionHook"
      FRAMEWORK_STOPPED_MASK = 448
      BUNDLEEVENT = 1
      BUNDLEEVENTSYNC = 2
      FRAMEWORKEVENT = 4
      container = class org.eclipse.osgi.internal.framework.EquinoxContainer@563c347a
      monitor = class java.lang.Object@3edfb8e5
      eventManager = class org.eclipse.osgi.framework.eventmgr.EventManager@51e3e2a2
      allBundleListeners = class java.util.HashMap@483423ae
      allSyncBundleListeners = class java.util.HashMap@5712998a
      allFrameworkListeners = class java.util.HashMap@61e5faf
    monitor = class java.lang.Object@1a9ff430
    serviceRegistry = class org.eclipse.osgi.internal.serviceregistry.ServiceRegistry@7b5888f7
      SERVICEEVENT = 3
      findHookName = "org.osgi.framework.hooks.service.FindHook"
      eventHookName = "org.osgi.framework.hooks.service.EventHook"
      eventListenerHookName = "org.osgi.framework.hooks.service.EventListenerHook"
      listenerHookName = "org.osgi.framework.hooks.service.ListenerHook"
      publishedServicesByClass = class java.util.HashMap@4ec93402
      allPublishedServices = class java.util.ArrayList@7b7597b6
      publishedServicesByContext = class java.util.HashMap@653b6d0c
      serviceid = 40
      serviceEventListeners = class java.util.HashMap@207462c0
      initialCapacity = 50
      initialSubCapacity = 10
      container = class org.eclipse.osgi.internal.framework.EquinoxContainer@563c347a
      systemBundleContext = class org.eclipse.osgi.internal.framework.BundleContextImpl@f6b6cdf
      debug = class org.eclipse.osgi.internal.debug.Debug@a9961d1
      $assertionsDisabled = true
    contextFinder = class org.eclipse.osgi.internal.framework.ContextFinder@71884f64
      cycleDetector = class java.lang.ThreadLocal@11bed093
      finderClassLoader = class com.ibm.ws.kernel.internal.classloader.BootstrapChildFirstJarClassloader@27e9093a
      contextFinder = class org.eclipse.osgi.internal.framework.ContextFinder$Finder@66f6bff
      THIS = class java.lang.Class@6bd5c00a
      parentContextClassLoader = class sun.misc.Launcher$AppClassLoader@799dbc3b
      parent = class sun.misc.Launcher$AppClassLoader@799dbc3b
      parallelLockMap = null
      package2certs = class java.util.Hashtable@7d1b35a5
      nocerts = class java.security.cert.Certificate[0]
      classes = class java.util.Vector@55f23ce
      defaultDomain = class java.security.ProtectionDomain@2927ac23
      domains = class java.util.HashSet@6b9642f0
      packages = class java.util.HashMap@5604d1be
      scl = class sun.misc.Launcher$AppClassLoader@799dbc3b
      sclSet = true
      loadedLibraryNames = class java.util.Vector@523311c0
      systemNativeLibraries = class java.util.Vector@16d27e69
      nativeLibraries = class java.util.Vector@55692b33
      nativeLibraryContext = class java.util.Stack@6b934d13
      usr_paths = class java.lang.String[6]
      sys_paths = class java.lang.String[1]
      assertionLock = class org.eclipse.osgi.internal.framework.ContextFinder@71884f64
      defaultAssertionStatus = false
      packageAssertionStatus = null
      classAssertionStatus = null
    signedContentFactory = class org.osgi.util.tracker.ServiceTracker@6fd6733c
      DEBUG = false
      context = class org.eclipse.osgi.internal.framework.BundleContextImpl@f6b6cdf
      filter = class org.eclipse.osgi.internal.framework.FilterImpl@423b44b7
      customizer = class org.osgi.util.tracker.ServiceTracker@6fd6733c
      listenerFilter = "(objectClass=org.eclipse.osgi.signedcontent.SignedContentFactory)"
      trackClass = "org.eclipse.osgi.signedcontent.SignedContentFactory"
      trackReference = null
      tracked = class org.osgi.util.tracker.ServiceTracker$Tracked@411c6c59
      cachedReference = null
      cachedService = null
    executor = class java.util.concurrent.ScheduledThreadPoolExecutor@6827a180
      continueExistingPeriodicTasksAfterShutdown = false
      executeExistingDelayedTasksAfterShutdown = true
      removeOnCancel = false
      sequencer = class java.util.concurrent.atomic.AtomicLong@685d72cd
      ctl = class java.util.concurrent.atomic.AtomicInteger@4113dfa1
      COUNT_BITS = 29
      CAPACITY = 536870911
      RUNNING = -536870912
      SHUTDOWN = 0
      STOP = 536870912
      TIDYING = 1073741824
      TERMINATED = 1610612736
      workQueue = class java.util.concurrent.ScheduledThreadPoolExecutor$DelayedWorkQueue@4d8567b6
      mainLock = class java.util.concurrent.locks.ReentrantLock@715c057c
      workers = class java.util.HashSet@506c4a08
      termination = class java.util.concurrent.locks.AbstractQueuedSynchronizer$ConditionObject@75707c77
      largestPoolSize = 1
      completedTaskCount = 0
      threadFactory = class org.eclipse.osgi.internal.framework.EquinoxContainer@563c347a
      handler = class java.util.concurrent.ThreadPoolExecutor$AbortPolicy@11c757a1
      keepAliveTime = 0
      allowCoreThreadTimeOut = false
      corePoolSize = 1
      maximumPoolSize = 2147483647
      defaultHandler = class java.util.concurrent.ThreadPoolExecutor$AbortPolicy@11c757a1
      shutdownPerm = class java.lang.RuntimePermission@125f7833
      ONLY_ONE = true
      $assertionsDisabled = true
    storageSaver = class org.eclipse.osgi.internal.framework.StorageSaver@1dc0fec
      container = class org.eclipse.osgi.internal.framework.EquinoxContainer@563c347a
      delay = 30000
      future = class java.util.concurrent.ScheduledThreadPoolExecutor$ScheduledFutureTask@398b2b78
      hook = class java.lang.Thread@d547ec9
      task = class org.eclipse.osgi.internal.framework.StorageSaver$StorageSaverTask@5fd2f0cb
  debug = class org.eclipse.osgi.internal.debug.Debug@a9961d1
    ECLIPSE_OSGI = "org.eclipse.osgi"
    OPTION_DEBUG_GENERAL = "org.eclipse.osgi/debug"
    OPTION_DEBUG_BUNDLE_TIME = "org.eclipse.osgi/debug/bundleTime"
    OPTION_DEBUG_LOADER = "org.eclipse.osgi/debug/loader"
    OPTION_DEBUG_STORAGE = "org.eclipse.osgi/debug/storage"
    OPTION_DEBUG_EVENTS = "org.eclipse.osgi/debug/events"
    OPTION_DEBUG_SERVICES = "org.eclipse.osgi/debug/services"
    OPTION_DEBUG_HOOKS = "org.eclipse.osgi/debug/hooks"
    OPTION_DEBUG_MANIFEST = "org.eclipse.osgi/debug/manifest"
    OPTION_DEBUG_FILTER = "org.eclipse.osgi/debug/filter"
    OPTION_DEBUG_SECURITY = "org.eclipse.osgi/debug/security"
    OPTION_DEBUG_STARTLEVEL = "org.eclipse.osgi/debug/startlevel"
    OPTION_DEBUG_PACKAGEADMIN = "org.eclipse.osgi/debug/packageadmin"
    OPTION_DEBUG_PACKAGEADMIN_TIMING = "org.eclipse.osgi/debug/packageadmin/timing"
    OPTION_MONITOR_ACTIVATION = "org.eclipse.osgi/monitor/activation"
    OPTION_MONITOR_LAZY = "org.eclipse.osgi/monitor/lazy"
    OPTION_DEBUG_MESSAGE_BUNDLES = "org.eclipse.osgi/debug/messageBundles"
    OPTION_DEBUG_LOCATION = "org.eclipse.osgi/debug/location"
    OPTION_CACHED_MANIFEST = "org.eclipse.osgi/debug/cachedmanifest"
    OPTION_DEBUG_SYSTEM_BUNDLE = "org.eclipse.osgi/debug/systemBundle"
    DEBUG_GENERAL = false
    DEBUG_BUNDLE_TIME = false
    DEBUG_LOADER = false
    DEBUG_STORAGE = false
    DEBUG_EVENTS = false
    DEBUG_SERVICES = false
    DEBUG_HOOKS = false
    DEBUG_MANIFEST = false
    DEBUG_FILTER = false
    DEBUG_SECURITY = false
    DEBUG_STARTLEVEL = false
    DEBUG_PACKAGEADMIN = false
    DEBUG_PACKAGEADMIN_TIMING = false
    DEBUG_MESSAGE_BUNDLES = false
    MONITOR_ACTIVATION = false
    DEBUG_LOCATION = false
    DEBUG_CACHED_MANIFEST = false
    DEBUG_SYSTEM_BUNDLE = false
    out = class com.ibm.ws.logging.internal.impl.BaseTraceService$TeePrintStream@75615682
      trStream = class com.ibm.ws.logging.internal.impl.BaseTraceService$TrOutputStream@115dc34e
      autoFlush = true
      trouble = false
      formatter = null
      textOut = class java.io.BufferedWriter@3d015199
      charOut = class java.io.OutputStreamWriter@21943319
      closing = false
      out = class com.ibm.ws.logging.internal.impl.BaseTraceService$TrOutputStream@115dc34e
  servicesInUse = null
  activator = class com.ibm.ws.kernel.service.location.internal.Activator@22b49166
    tc = class com.ibm.websphere.ras.TraceComponent@6998e338
      strings[0] = "TraceComponent[com.ibm.ws.kernel.service.location.internal.Activator,class com.ibm.ws.kernel.service.location.internal.Activator,[locationService],com.ibm.ws.kernel.service.location.internal.resources.LocServiceMessages,null]"
    context = class org.eclipse.osgi.internal.framework.BundleContextImpl@6d639a4b
    contextFactory = null
    serialVersionUID = -4492707902302007934
  contextLock = class java.lang.Object@5be4e5c6

