------Start of DE processing------ = [1/6/18 13:07:01:172 BRST]
Exception = java.lang.IllegalArgumentException
Source = com.ibm.ws.webcontainer.filter.WebAppFilterManager.invokeFilters
probeid = 1105
Stack Dump = java.lang.IllegalArgumentException: Could not find COM port from : [/dev/cu.usbmodem1411], in available ports: [cu.Bluetooth-Incoming-Port, tty.Bluetooth-Incoming-Port, cu.usbmodem1411, tty.usbmodem1411]
	at com.ibm.wasdev.arduino.impl.ArduinoAsyncImpl.findCommPort(ArduinoAsyncImpl.java:228)
	at com.ibm.wasdev.arduino.impl.ArduinoAsyncImpl.open(ArduinoAsyncImpl.java:151)
	at com.ibm.wasdev.arduino.impl.ServiceManager.get(ServiceManager.java:74)
	at com.ibm.wasdev.arduino.ArduinoService.get(ArduinoService.java:31)
	at com.ibm.wasdev.arduino.ArduinoService.get(ArduinoService.java:27)
	at com.ibm._jsp._index._jspService(_index.java:101)
	at com.ibm.ws.jsp.runtime.HttpJspBase.service(HttpJspBase.java:100)
	at javax.servlet.http.HttpServlet.service(HttpServlet.java:668)
	at com.ibm.ws.webcontainer.servlet.ServletWrapper.service(ServletWrapper.java:1255)
	at com.ibm.ws.webcontainer.servlet.ServletWrapper.handleRequest(ServletWrapper.java:743)
	at com.ibm.ws.webcontainer.servlet.ServletWrapper.handleRequest(ServletWrapper.java:440)
	at com.ibm.wsspi.webcontainer.servlet.GenericServletWrapper.handleRequest(GenericServletWrapper.java:118)
	at com.ibm.ws.jsp.webcontainerext.AbstractJSPExtensionServletWrapper.handleRequest(AbstractJSPExtensionServletWrapper.java:207)
	at com.ibm.ws.webcontainer.filter.WebAppFilterManager.invokeFilters(WebAppFilterManager.java:1156)
	at com.ibm.ws.webcontainer.filter.WebAppFilterManager.invokeFilters(WebAppFilterManager.java:1004)
	at com.ibm.ws.webcontainer.webapp.WebAppRequestDispatcher.dispatch(WebAppRequestDispatcher.java:1414)
	at com.ibm.ws.webcontainer.webapp.WebAppRequestDispatcher.forward(WebAppRequestDispatcher.java:171)
	at com.ibm.ws.webcontainer.extension.DefaultExtensionProcessor.handleRequest(DefaultExtensionProcessor.java:790)
	at com.ibm.ws.webcontainer.filter.WebAppFilterManager.invokeFilters(WebAppFilterManager.java:1156)
	at com.ibm.ws.webcontainer.webapp.WebApp.handleRequest(WebApp.java:4962)
	at com.ibm.ws.webcontainer.osgi.DynamicVirtualHost$2.handleRequest(DynamicVirtualHost.java:314)
	at com.ibm.ws.webcontainer.WebContainer.handleRequest(WebContainer.java:995)
	at com.ibm.ws.webcontainer.osgi.DynamicVirtualHost$2.run(DynamicVirtualHost.java:279)
	at com.ibm.ws.http.dispatcher.internal.channel.HttpDispatcherLink$TaskWrapper.run(HttpDispatcherLink.java:957)
	at com.ibm.ws.http.dispatcher.internal.channel.HttpDispatcherLink.wrapHandlerAndExecute(HttpDispatcherLink.java:357)
	at com.ibm.ws.http.dispatcher.internal.channel.HttpDispatcherLink.ready(HttpDispatcherLink.java:316)
	at com.ibm.ws.http.channel.internal.inbound.HttpInboundLink.handleDiscrimination(HttpInboundLink.java:499)
	at com.ibm.ws.http.channel.internal.inbound.HttpInboundLink.handleNewRequest(HttpInboundLink.java:433)
	at com.ibm.ws.http.channel.internal.inbound.HttpInboundLink.processRequest(HttpInboundLink.java:313)
	at com.ibm.ws.http.channel.internal.inbound.HttpICLReadCallback.complete(HttpICLReadCallback.java:70)
	at com.ibm.ws.tcpchannel.internal.WorkQueueManager.requestComplete(WorkQueueManager.java:501)
	at com.ibm.ws.tcpchannel.internal.WorkQueueManager.attemptIO(WorkQueueManager.java:571)
	at com.ibm.ws.tcpchannel.internal.WorkQueueManager.workerRun(WorkQueueManager.java:926)
	at com.ibm.ws.tcpchannel.internal.WorkQueueManager$Worker.run(WorkQueueManager.java:1015)
	at java.util.concurrent.ThreadPoolExecutor.runWorker(ThreadPoolExecutor.java:1145)
	at java.util.concurrent.ThreadPoolExecutor$Worker.run(ThreadPoolExecutor.java:615)
	at java.lang.Thread.run(Thread.java:745)

Dump of callerThis
Object type = com.ibm.ws.webcontainer.osgi.filter.WebAppFilterManagerImpl
  _filterWrappers = class java.util.Hashtable@6ecece14
    table = class java.util.Hashtable$Entry[11]
      Entry[0] = null
      Entry[1] = null
      Entry[2] = null
      Entry[3] = null
      Entry[4] = null
      Entry[5] = null
      Entry[6] = null
      Entry[7] = null
      Entry[8] = null
      Entry[9] = null
      Entry[10] = null
    count = 0
    threshold = 8
    loadFactor = 0.75
    modCount = 0
    serialVersionUID = 1421746759512286392
    ALTERNATIVE_HASHING_THRESHOLD_DEFAULT = 2147483647
    hashSeed = 0
    MAX_ARRAY_SIZE = 2147483639
    keySet = null
    entrySet = null
    values = null
    KEYS = 0
    VALUES = 1
    ENTRIES = 2
  chainCache = class java.util.Collections$SynchronizedMap@4b3bbbe1
    serialVersionUID = 1978198479659022715
    m = class com.ibm.ws.webcontainer.filter.WebAppFilterManager$1@51d6cc5e
      this$0 = class com.ibm.ws.webcontainer.osgi.filter.WebAppFilterManagerImpl@37ce01f3
      serialVersionUID = 3801124242820219131
      header = class java.util.LinkedHashMap$Entry@152cd3d
      accessOrder = true
      DEFAULT_INITIAL_CAPACITY = 16
      MAXIMUM_CAPACITY = 1073741824
      DEFAULT_LOAD_FACTOR = 0.75
      EMPTY_TABLE = class java.util.HashMap$Entry[0]
      table = class java.util.HashMap$Entry[0]
      size = 0
      threshold = 20
      loadFactor = 0.75
      modCount = 0
      ALTERNATIVE_HASHING_THRESHOLD_DEFAULT = 2147483647
      hashSeed = 0
      entrySet = null
      serialVersionUID = 362498820763181265
      keySet = null
      values = null
    mutex = class java.util.Collections$SynchronizedMap@4b3bbbe1
    keySet = null
    entrySet = null
    values = null
  forwardChainCache = class java.util.Collections$SynchronizedMap@3eabd75d
    serialVersionUID = 1978198479659022715
    m = class com.ibm.ws.webcontainer.filter.WebAppFilterManager$2@1cdf3ea3
      this$0 = class com.ibm.ws.webcontainer.osgi.filter.WebAppFilterManagerImpl@37ce01f3
      serialVersionUID = 3801124242820219131
      header = class java.util.LinkedHashMap$Entry@70940b36
      accessOrder = true
      DEFAULT_INITIAL_CAPACITY = 16
      MAXIMUM_CAPACITY = 1073741824
      DEFAULT_LOAD_FACTOR = 0.75
      EMPTY_TABLE = class java.util.HashMap$Entry[0]
      table = class java.util.HashMap$Entry[0]
      size = 0
      threshold = 10
      loadFactor = 0.75
      modCount = 0
      ALTERNATIVE_HASHING_THRESHOLD_DEFAULT = 2147483647
      hashSeed = 0
      entrySet = null
      serialVersionUID = 362498820763181265
      keySet = null
      values = null
    mutex = class java.util.Collections$SynchronizedMap@3eabd75d
    keySet = null
    entrySet = null
    values = null
  includeChainCache = class java.util.Collections$SynchronizedMap@3c83ad0
    serialVersionUID = 1978198479659022715
    m = class com.ibm.ws.webcontainer.filter.WebAppFilterManager$3@1bbbdec9
      this$0 = class com.ibm.ws.webcontainer.osgi.filter.WebAppFilterManagerImpl@37ce01f3
      serialVersionUID = 3801124242820219131
      header = class java.util.LinkedHashMap$Entry@7bd77c60
      accessOrder = true
      DEFAULT_INITIAL_CAPACITY = 16
      MAXIMUM_CAPACITY = 1073741824
      DEFAULT_LOAD_FACTOR = 0.75
      EMPTY_TABLE = class java.util.HashMap$Entry[0]
      table = class java.util.HashMap$Entry[0]
      size = 0
      threshold = 5
      loadFactor = 0.75
      modCount = 0
      ALTERNATIVE_HASHING_THRESHOLD_DEFAULT = 2147483647
      hashSeed = 0
      entrySet = null
      serialVersionUID = 362498820763181265
      keySet = null
      values = null
    mutex = class java.util.Collections$SynchronizedMap@3c83ad0
    keySet = null
    entrySet = null
    values = null
  errorChainCache = class java.util.Collections$SynchronizedMap@4e8d2fa0
    serialVersionUID = 1978198479659022715
    m = class com.ibm.ws.webcontainer.filter.WebAppFilterManager$4@3a9922cd
      this$0 = class com.ibm.ws.webcontainer.osgi.filter.WebAppFilterManagerImpl@37ce01f3
      serialVersionUID = 3801124242820219131
      header = class java.util.LinkedHashMap$Entry@5e861b21
      accessOrder = true
      DEFAULT_INITIAL_CAPACITY = 16
      MAXIMUM_CAPACITY = 1073741824
      DEFAULT_LOAD_FACTOR = 0.75
      EMPTY_TABLE = class java.util.HashMap$Entry[0]
      table = class java.util.HashMap$Entry[0]
      size = 0
      threshold = 2
      loadFactor = 0.75
      modCount = 0
      ALTERNATIVE_HASHING_THRESHOLD_DEFAULT = 2147483647
      hashSeed = 0
      entrySet = null
      serialVersionUID = 362498820763181265
      keySet = null
      values = null
    mutex = class java.util.Collections$SynchronizedMap@4e8d2fa0
    keySet = null
    entrySet = null
    values = null
  _filtersDefined = false
  FMI_MAPPING_SINGLE_SLASH = 0
  FMI_MAPPING_PATH_MATCH = 1
  FMI_MAPPING_EXTENSION_MATCH = 2
  FMI_MAPPING_EXACT_MATCH = 3
  logger = class com.ibm.ws.logging.internal.WsLogger@47ce8c4c
    tc = class com.ibm.websphere.ras.TraceComponent@11cbbeb1
      strings[0] = "TraceComponent[com.ibm.ws.logging.internal.WsLogger,class com.ibm.ws.logging.internal.WsLogger,[logging],com.ibm.ws.logging.internal.resources.LoggingMessages,null]"
    ivCachedResourceBundleName = null
    ivCachedResourceBundle = null
    ivComponent = null
    ivOrganization = null
    ivProduct = null
    ivMinimumLocalizationLevelIntValue = 625
    ivTC = class com.ibm.websphere.ras.TraceComponent@37faa18
      strings[0] = "TraceComponent[com.ibm.ws.webcontainer.filter,class com.ibm.wsspi.webcontainer.logging.LoggerFactory$1,[com.ibm.ws.webcontainer.filter],null,null]"
    loggerRegistrationComponent = class java.lang.ThreadLocal@73a7794d
      threadLocalHashCode = 1675452296
      nextHashCode = class java.util.concurrent.atomic.AtomicInteger@4ea7ca40
      HASH_INCREMENT = 1640531527
    emptyHandlers = class java.util.logging.Handler[0]
    offValue = 2147483647
    manager = class com.ibm.ws.kernel.boot.logging.WsLogManager@7be41edb
      CLASS_NAME = "com.ibm.ws.kernel.boot.logging.WsLogManager"
      CONFIGURE_BY_SERVER_PROPERTY_NAME = "java.util.logging.configureByServer"
      CONFIGURE_BY_LOGGING_PROPERTIES_FILE = "java.util.logging.configureByLoggingPropertiesFile"
      configureByServer = true
      configureByLoggingProperties = false
      wsLogger = class java.lang.reflect.Constructor@25ad95f8
      resetEnabled = true
      manager = class com.ibm.ws.kernel.boot.logging.WsLogManager@7be41edb
      props = class java.util.Properties@61a700bf
      changes = class java.beans.PropertyChangeSupport@1b222daf
      defaultLevel = class java.util.logging.Level@54c1224b
      systemContext = class java.util.logging.LogManager$SystemLoggerContext@6d625717
      userContext = class java.util.logging.LogManager$LoggerContext@5343df1b
      rootLogger = class java.util.logging.LogManager$RootLogger@7ef6fe1e
      readPrimordialConfiguration = true
      initializedGlobalHandlers = true
      deathImminent = false
      contextsMap = null
      loggerRefQueue = class java.lang.ref.ReferenceQueue@9a5a4b1
      MAX_ITERATIONS = 400
      controlPermission = class java.util.logging.LoggingPermission@59df6569
      loggingMXBean = null
      LOGGING_MXBEAN_NAME = "java.util.logging:type=Logging"
    name = "com.ibm.ws.webcontainer.filter"
    handlers = class java.util.concurrent.CopyOnWriteArrayList@3da5fb68
      serialVersionUID = 8673264195747942595
      lock = class java.util.concurrent.locks.ReentrantLock@69cf5817
      array = class java.lang.Object[0]
      UNSAFE = class sun.misc.Unsafe@687704cf
      lockOffset = 12
    resourceBundleName = "com.ibm.ws.webcontainer.resources.Messages"
    useParentHandlers = true
    filter = null
    anonymous = false
    catalog = class com.ibm.ws.webcontainer.resources.Messages_pt_BR@5c1c8876
      resources = class [Ljava.lang.Object;[332]
      lookup = class java.util.HashMap@652c25e5
      INITIAL_CACHE_SIZE = 32
      NONEXISTENT_BUNDLE = class java.util.ResourceBundle$1@49e267b7
      cacheList = class java.util.concurrent.ConcurrentHashMap@2f074546
      referenceQueue = class java.lang.ref.ReferenceQueue@6550ec9
      parent = class com.ibm.ws.webcontainer.resources.Messages@3a3db15e
      locale = class java.util.Locale@55432a38
      name = "com.ibm.ws.webcontainer.resources.Messages"
      expired = false
      cacheKey = class java.util.ResourceBundle$CacheKey@2847b031
      keySet = null
      $assertionsDisabled = true
    catalogName = "com.ibm.ws.webcontainer.resources.Messages"
    catalogLocale = class java.util.Locale@55432a38
      LOCALECACHE = class java.util.Locale$Cache@51ea248f
      ENGLISH = class java.util.Locale@6306524c
      FRENCH = class java.util.Locale@34052e5e
      GERMAN = class java.util.Locale@40273800
      ITALIAN = class java.util.Locale@4ecda8e7
      JAPANESE = class java.util.Locale@200bfe1c
      KOREAN = class java.util.Locale@7357f0b3
      CHINESE = class java.util.Locale@127bb2ee
      SIMPLIFIED_CHINESE = class java.util.Locale@772030bc
      TRADITIONAL_CHINESE = class java.util.Locale@625fc3bd
      FRANCE = class java.util.Locale@7d2bdfbf
      GERMANY = class java.util.Locale@4b6eb4cc
      ITALY = class java.util.Locale@511fe3c4
      JAPAN = class java.util.Locale@4a28278
      KOREA = class java.util.Locale@492396a8
      CHINA = class java.util.Locale@772030bc
      PRC = class java.util.Locale@772030bc
      TAIWAN = class java.util.Locale@625fc3bd
      UK = class java.util.Locale@3f78151b
      US = class java.util.Locale@64b1c02a
      CANADA = class java.util.Locale@51bf390b
      CANADA_FRENCH = class java.util.Locale@613a2b1a
      ROOT = class java.util.Locale@31e3e9d4
      PRIVATE_USE_EXTENSION = x
      UNICODE_LOCALE_EXTENSION = u
      serialVersionUID = 9149081749638150636
      DISPLAY_LANGUAGE = 0
      DISPLAY_COUNTRY = 1
      DISPLAY_VARIANT = 2
      DISPLAY_SCRIPT = 3
      baseLocale = class sun.util.locale.BaseLocale@585125d2
      localeExtensions = null
      hashCodeValue = 106956076
      defaultLocale = class java.util.Locale@55432a38
      defaultDisplayLocale = null
      defaultFormatLocale = class java.util.Locale@378a2b4a
      serialPersistentFields = class java.io.ObjectStreamField[6]
      isoLanguages = null
      isoCountries = null
      $assertionsDisabled = true
    treeLock = class java.lang.Object@2c88ee43
    parent = class com.ibm.ws.logging.internal.WsLogger@51d2878c
      tc = class com.ibm.websphere.ras.TraceComponent@11cbbeb1
      ivCachedResourceBundleName = "com.ibm.ws.webcontainer.resources.Messages"
      ivCachedResourceBundle = class com.ibm.ws.webcontainer.resources.Messages_pt_BR@9017643
      ivComponent = null
      ivOrganization = null
      ivProduct = null
      ivMinimumLocalizationLevelIntValue = 625
      ivTC = class com.ibm.websphere.ras.TraceComponent@67cb4974
      loggerRegistrationComponent = class java.lang.ThreadLocal@73a7794d
      emptyHandlers = class java.util.logging.Handler[0]
      offValue = 2147483647
      manager = class com.ibm.ws.kernel.boot.logging.WsLogManager@7be41edb
      name = "com.ibm.ws.webcontainer"
      handlers = class java.util.concurrent.CopyOnWriteArrayList@3efb2d53
      resourceBundleName = "com.ibm.ws.webcontainer.resources.Messages"
      useParentHandlers = true
      filter = null
      anonymous = false
      catalog = class com.ibm.ws.webcontainer.resources.Messages_pt_BR@9017643
      catalogName = "com.ibm.ws.webcontainer.resources.Messages"
      catalogLocale = class java.util.Locale@55432a38
      treeLock = class java.lang.Object@2c88ee43
      parent = class java.util.logging.Logger@4e6547bd
      kids = class java.util.ArrayList@5b48f180
      levelObject = class java.util.logging.Level@54c1224b
      levelValue = 800
      callersClassLoaderRef = class java.lang.ref.WeakReference@11e73952
      isSystemLogger = false
      GLOBAL_LOGGER_NAME = "global"
      global = class java.util.logging.Logger@683cfa2
      SYSTEM_LOGGER_RB_NAME = "sun.util.logging.resources.logging"
    kids = null
    levelObject = class java.util.logging.Level@54c1224b
      defaultBundle = "sun.util.logging.resources.logging"
      name = "INFO"
      value = 800
      resourceBundleName = "sun.util.logging.resources.logging"
      localizedLevelName = "INFORMAÇÕES"
      cachedLocale = class java.util.Locale@55432a38
      OFF = class java.util.logging.Level@45ea62b1
      SEVERE = class java.util.logging.Level@1ef57653
      WARNING = class java.util.logging.Level@52b5306
      INFO = class java.util.logging.Level@54c1224b
      CONFIG = class java.util.logging.Level@5f57b190
      FINE = class java.util.logging.Level@764a95d6
      FINER = class java.util.logging.Level@1ab35146
      FINEST = class java.util.logging.Level@729cd85b
      ALL = class java.util.logging.Level@17407926
      serialVersionUID = -8176160795706313070
    levelValue = 800
    callersClassLoaderRef = class java.lang.ref.WeakReference@716e44d0
      referent = class org.eclipse.osgi.internal.loader.EquinoxClassLoader@1362cffa
      queue = class java.lang.ref.ReferenceQueue$Null@5c270f8a
      next = null
      discovered = null
      lock = class java.lang.ref.Reference$Lock@86d5c4a
      pending = null
    isSystemLogger = false
    GLOBAL_LOGGER_NAME = "global"
    global = class java.util.logging.Logger@683cfa2
      emptyHandlers = class java.util.logging.Handler[0]
      offValue = 2147483647
      manager = class com.ibm.ws.kernel.boot.logging.WsLogManager@7be41edb
      name = "global"
      handlers = class java.util.concurrent.CopyOnWriteArrayList@63206078
      resourceBundleName = null
      useParentHandlers = true
      filter = null
      anonymous = false
      catalog = null
      catalogName = null
      catalogLocale = null
      treeLock = class java.lang.Object@2c88ee43
      parent = class java.util.logging.LogManager$RootLogger@7ef6fe1e
      kids = null
      levelObject = null
      levelValue = 800
      callersClassLoaderRef = null
      isSystemLogger = true
      GLOBAL_LOGGER_NAME = "global"
      global = class java.util.logging.Logger@683cfa2
      SYSTEM_LOGGER_RB_NAME = "sun.util.logging.resources.logging"
    SYSTEM_LOGGER_RB_NAME = "sun.util.logging.resources.logging"
  CLASS_NAME = "com.ibm.ws.webcontainer.filter.WebAppFilterManager"
  nls = class com.ibm.ejs.ras.TraceNLS@495cf668
    resolver = class com.ibm.ws.logging.internal.TraceNLSResolver@79b02b1f
      tc = class com.ibm.websphere.ras.TraceComponent@37403a09
      DEBUG_TRACE_NLS_PROPERTY = "com.ibm.ejs.ras.debugTraceNLSResolver"
      debugTraceNLSResolver = false
      makeNoise = false
      nullKey = "null"
      svNullBundleName = "Resource Bundle name is null, key = {0}"
      svBundleNotLoaded = "Unable to load ResourceBundle {0}"
      svNullKeyMessage = "Null key passed while using ResourceBundle {0}"
      svMalformedMessage = "No message text associated with key {0} in bundle {1}"
    finder = null
    ivBundleName = "com.ibm.ws.webcontainer.resources.Messages"
    caller = class java.lang.Class@ed78e9b
      ANNOTATION = 8192
      ENUM = 16384
      SYNTHETIC = 4096
      cachedConstructor = null
      newInstanceCallerCache = null
      name = null
      allPermDomain = null
      smHelper = null
      useCaches = true
      reflectionData = class java.lang.ref.SoftReference@2aa13666
      classRedefinedCount = 0
      genericInfo = null
      serialVersionUID = 3206093459760846163
      serialPersistentFields = class java.io.ObjectStreamField[0]
      reflectionFactory = class sun.reflect.ReflectionFactory@58aff4cd
      initted = true
      enumConstants = null
      enumConstantDirectory = null
      annotations = class java.util.HashMap@3dfa7867
      declaredAnnotations = class java.util.Collections$EmptyMap@6f6d1fb
      lastAnnotationsRedefinedCount = 0
      annotationType = null
      classValueMap = null
  webAppConfig = class com.ibm.ws.webcontainer.osgi.webapp.WebAppConfiguration@76354b78
    webModuleMetaData = class com.ibm.ws.webcontainer.osgi.metadata.WebModuleMetaDataImpl@7c022bef
      applicationMetaData = class com.ibm.ws.container.service.app.deploy.internal.ApplicationMetaDataImpl@2efa9e11
      j2eeName = class com.ibm.ws.container.service.metadata.internal.J2EENameImpl@6a33cee
      wccmd = class com.ibm.ws.webcontainer.osgi.metadata.WebCollaboratorComponentMetaDataImpl@479f862f
      securityMetaData = null
      annotatedSecurityMetaData = null
      webAppConfig = class com.ibm.ws.webcontainer.osgi.webapp.WebAppConfiguration@76354b78
      _isServlet23OrHigher = false
      jspComponentMetaData = class com.ibm.ws.jsp.runtime.metadata.JspComponentMetaData@3a229c65
      sessionCookieNameInUse = null
      mBeanServiceReg = null
      tc = class com.ibm.websphere.ras.TraceComponent@3d03811f
      NUM_STATIC_SLOTS = 4
      ID_UNINITIALIZED = -1
      id = 0
      metaDataInterface = class java.lang.Class@3649c8b4
      staticSlots = class java.lang.Object[4]
      dynamicSlots = null
    webComponentMetaData = class com.ibm.ws.webcontainer.osgi.metadata.WebComponentMetaDataImpl@30f554e7
    dVirtualHost = class com.ibm.ws.webcontainer.osgi.DynamicVirtualHost@23efdada
      tc = class com.ibm.websphere.ras.TraceComponent@3dd1c356
      CLASS_NAME = "com.ibm.ws.webcontainer.osgi.DynamicVirtualHost"
      webContainerParent = class com.ibm.ws.webcontainer.osgi.WebContainer@7b7c4324
      dhostConfig = class com.ibm.ws.webcontainer.osgi.DynamicVirtualHostConfiguration@578791e5
      predefinedMatcher = null
      normalizeRequestURI = false
      logger = class com.ibm.ws.logging.internal.WsLogger@51d2878c
      CLASS_NAME = "com.ibm.ws.webcontainer.VirtualHost"
      vHostConfig = class com.ibm.ws.webcontainer.osgi.DynamicVirtualHostConfiguration@578791e5
      commands = class java.util.ArrayList@6e9fabc7
      requestMapper = class com.ibm.wsspi.webcontainer.util.URIMapper@34c6ce8e
      parent = class com.ibm.ws.webcontainer.osgi.WebContainer@7b7c4324
      name = "default_host"
      isAlive = true
      subElements = class java.util.HashMap@6822e7b3
      attributes = null
      config = null
      serialVersionUID = -8271459000149267764
      $$$tc$$$ = class com.ibm.websphere.ras.TraceComponent@252d0daf
    orderedLibPaths = class java.util.Collections$UnmodifiableRandomAccessList@72929783
      serialVersionUID = -2542308836966382001
      serialVersionUID = -283967356065247728
      list = class java.util.ArrayList@5f02eec2
      serialVersionUID = 1820017752578914078
      c = class java.util.ArrayList@5f02eec2
    bundleHeaders = null
    cdiEnabled = false
    CLASS_NAME = "com.ibm.ws.webcontainer.webapp.WebAppConfiguration"
    logger = class com.ibm.ws.logging.internal.WsLogger@6145cbf9
      tc = class com.ibm.websphere.ras.TraceComponent@11cbbeb1
      ivCachedResourceBundleName = null
      ivCachedResourceBundle = null
      ivComponent = null
      ivOrganization = null
      ivProduct = null
      ivMinimumLocalizationLevelIntValue = 625
      ivTC = class com.ibm.websphere.ras.TraceComponent@45be0d75
      loggerRegistrationComponent = class java.lang.ThreadLocal@73a7794d
      emptyHandlers = class java.util.logging.Handler[0]
      offValue = 2147483647
      manager = class com.ibm.ws.kernel.boot.logging.WsLogManager@7be41edb
      name = "com.ibm.ws.webcontainer.webapp"
      handlers = class java.util.concurrent.CopyOnWriteArrayList@24096c8c
      resourceBundleName = "com.ibm.ws.webcontainer.resources.Messages"
      useParentHandlers = true
      filter = null
      anonymous = false
      catalog = class com.ibm.ws.webcontainer.resources.Messages_pt_BR@9017643
      catalogName = "com.ibm.ws.webcontainer.resources.Messages"
      catalogLocale = class java.util.Locale@55432a38
      treeLock = class java.lang.Object@2c88ee43
      parent = class com.ibm.ws.logging.internal.WsLogger@51d2878c
      kids = null
      levelObject = class java.util.logging.Level@54c1224b
      levelValue = 800
      callersClassLoaderRef = class java.lang.ref.WeakReference@66b56dcf
      isSystemLogger = false
      GLOBAL_LOGGER_NAME = "global"
      global = class java.util.logging.Logger@683cfa2
      SYSTEM_LOGGER_RB_NAME = "sun.util.logging.resources.logging"
    tc = class com.ibm.websphere.ras.TraceComponent@4065a018
      strings[0] = "TraceComponent[com.ibm.ws.webcontainer.webapp.WebAppConfiguration,class com.ibm.ws.webcontainer.webapp.WebAppConfiguration,[webcontainer],com.ibm.ws.webcontainer.resources.LShimMessages,null]"
    nls = class com.ibm.ejs.ras.TraceNLS@2d527a53
      resolver = class com.ibm.ws.logging.internal.TraceNLSResolver@79b02b1f
      finder = null
      ivBundleName = "com.ibm.ws.webcontainer.resources.Messages"
      caller = class java.lang.Class@76195438
    version = 30
    contextRoot = "/helloworld"
    isDefaultContextRootUsed = false
    sessionTimeout = 0
    moduleSessionTimeoutSet = false
    moduleSessionTrackingModeSet = false
    sessionCookieConfig = class com.ibm.ws.session.SessionCookieConfigImpl@51b42030
      comment = ""
      domain = ""
      maxAge = -1
      maxAgeSet = false
      name = "JSESSIONID"
      path = "/"
      httpOnly = true
      httpOnlySet = false
      secure = false
      secureSet = false
      contextInitialized = false
      externalCall = true
      programmaticChange = false
      nls = class com.ibm.ejs.ras.TraceNLS@1f507f7a
    hasProgrammaticCookieConfig = false
    sessionDefaultTrackingModeSet = class java.util.RegularEnumSet@8ad5938
      serialVersionUID = 3411599620347842686
      elements = 1
      elementType = class java.lang.Class@569afeea
      universe = class javax.servlet.SessionTrackingMode[3]
      ZERO_LENGTH_ENUM_ARRAY = class java.lang.Enum[0]
      MAX_ARRAY_SIZE = 2147483639
    sessionManagerConfig = class com.ibm.ws.session.SessionManagerConfig@2cbc6ffb
      usingWebContainerSM = true
      useContextRootForSessionCookiePath = false
      usingMemory = true
      usingDatabase = false
      usingMemToMem = false
      enableUrlProtocolSwitchRewriting = false
      dcookieName = "SSLJSESSION"
      sipSessionCookieName = "ibmappid"
      inMemorySize = 1000
      enableOverflow = true
      sessionInvalidationTime = 1800
      integrateSec = true
      throwSecurityExceptionOnGetSessionFalse = true
      invalidateOnUnauthorizedSessionRequestException = false
      allowSerializedSessionAccess = false
      serializedSessionAccessMaxWaitTime = 0
      accessSessionOnTimeout = true
      JNDIDataSourceName = "jdbc/sample"
      sessionDBID = null
      sessionDBPWD = null
      rowSize = 4
      tableSpaceName = null
      usingMultirow = false
      drsSettings = null
      enableEOSWrite = true
      enableManualWrite = false
      enableTimeBasedWrite = false
      mPropertyWriterInterval = 120
      writeAllProperties = false
      scheduledInvalidation = false
      firstHour = 0
      secondHour = 0
      is_zOS = false
      serverId = "553fcd48-bc34-4b6a-b1fd-4dc5cbccac64"
      cloneId = "553fcd48-bc34-4b6a-b1fd-4dc5cbccac64"
      sacKey = "DEFAULT_SAC_KEY"
      cloneSeparator = :
      debugSessionCrossover = false
      cloneIdPropertySet = false
      expectedCloneIdsPropertySet = false
      expectedCloneIds = null
      idReuse = false
      reaperPollInterval = 144
      turnOffCacheId = false
      turnOffCloneId = false
      noAffinitySwitchBack = false
      maxSessionIdentifierLength = 1024
      sessUrlRewritePrefix = ";jsessionid="
      tableNameValue = null
      checkRecentlyInvalidList = true
      modifyActiveCountOnInvalidatedSession = false
      useOracleBlob = false
      usingCustomSchemaName = false
      trackGCCount = false
      hideSessionValues = true
      hideSessionValuesPropertySet = false
      doRemoteInvalidations = true
      zosBaseServerReplication = false
      servlet21SessionCompat = false
      cacheIdLength = 0
      sessionIDLength = 23
      trackingModes = class java.util.RegularEnumSet@72e78b2
      privateSessionCookieName = "JSESSIONID"
      privateSessionCookieComment = ""
      privateSessionCookieDomain = ""
      privateSessionCookieMaxAge = -1
      privateSessionCookiePath = "/"
      privateSessionCookieSecure = false
      privateSessionCookieHttpOnly = true
      cookieConfig = class com.ibm.ws.session.SessionCookieConfigImpl@51b42030
      SIPConvergedHttpPort = 80
      SIPConvergedHttpsPort = 443
      SIPConvergedHostName = "localhost"
      optimizeCacheIdIncrements = false
      alwaysEncodeURL = false
      checkSessionCookieNameOnEncodeURL = false
      onlyCheckInCacheDuringPreInvoke = false
      enableHotFailover = true
      forceSessionInvalidationMultiple = 3
      persistSessionAfterPassivation = false
      usingApplicationSessionsAndInvalidateAll = false
      usingApplicationSessionsAlwaysRetrieve = false
      forceSessionIdLengthCheck = false
      securityUserIgnoreCase = false
      sessionTableSkipIndexCreation = false
      checkSessionNewOnIsValidRequest = true
      delayInvalidationAlarmDuringServerStartup = 0
      useSeparateSessionInvalidatorThreadPool = true
      connectionRetryCount = 2
    displayName = "helloworld"
    description = null
    reloadInterval = 0
    distributable = false
    denyUncoveredHttpMethods = false
    reloadingEnabled = false
    serveServletsByClassnameEnabled = false
    defaultErrorPage = null
    additionalClassPath = null
    fileServingEnabled = null
    directoryBrowsingEnabled = false
    autoRequestEncoding = false
    autoResponseEncoding = false
    autoLoadFilters = false
    requestListeners = null
    requestAttributeListeners = null
    sessionListeners = null
    localeMap = null
    moduleName = "helloworld"
    j2eeModuleName = "helloworld.war"
    moduleId = null
    isSyncToThreadEnabled = false
    encodeDispatchedRequestURI = false
    isSystemApp = false
    ardEnabled = false
    ardDispatchType = null
    listeners = class java.util.ArrayList@75bdeaf
      serialVersionUID = 8683452581122892189
      DEFAULT_CAPACITY = 10
      EMPTY_ELEMENTDATA = class java.lang.Object[0]
      elementData = class java.lang.Object[0]
      size = 0
      MAX_ARRAY_SIZE = 2147483639
      modCount = 0
      MAX_ARRAY_SIZE = 2147483639
    welcomeFileList = class java.util.ArrayList@2078b6ef
      serialVersionUID = 8683452581122892189
      DEFAULT_CAPACITY = 10
      EMPTY_ELEMENTDATA = class java.lang.Object[0]
      elementData = class java.lang.Object[10]
      size = 3
      MAX_ARRAY_SIZE = 2147483639
      modCount = 1
      MAX_ARRAY_SIZE = 2147483639
    servletMappings = class java.util.HashMap@55321590
      DEFAULT_INITIAL_CAPACITY = 16
      MAXIMUM_CAPACITY = 1073741824
      DEFAULT_LOAD_FACTOR = 0.75
      EMPTY_TABLE = class java.util.HashMap$Entry[0]
      table = class java.util.HashMap$Entry[0]
      size = 0
      threshold = 16
      loadFactor = 0.75
      modCount = 0
      ALTERNATIVE_HASHING_THRESHOLD_DEFAULT = 2147483647
      hashSeed = 0
      entrySet = null
      serialVersionUID = 362498820763181265
      keySet = null
      values = null
    lastIndexBeforeDeclaredFilters = 0
    filterMappings = class java.util.ArrayList@4b25cca2
      serialVersionUID = 8683452581122892189
      DEFAULT_CAPACITY = 10
      EMPTY_ELEMENTDATA = class java.lang.Object[0]
      elementData = class java.lang.Object[0]
      size = 0
      MAX_ARRAY_SIZE = 2147483639
      modCount = 0
      MAX_ARRAY_SIZE = 2147483639
    servletInfo = class java.util.HashMap@1e9dc639
      DEFAULT_INITIAL_CAPACITY = 16
      MAXIMUM_CAPACITY = 1073741824
      DEFAULT_LOAD_FACTOR = 0.75
      EMPTY_TABLE = class java.util.HashMap$Entry[0]
      table = class java.util.HashMap$Entry[16]
      size = 1
      threshold = 12
      loadFactor = 0.75
      modCount = 1
      ALTERNATIVE_HASHING_THRESHOLD_DEFAULT = 2147483647
      hashSeed = 0
      entrySet = null
      serialVersionUID = 362498820763181265
      keySet = class java.util.HashMap$KeySet@2821e44d
      values = class java.util.HashMap$Values@49138fd0
    filterInfo = class java.util.HashMap@840d7e3
      DEFAULT_INITIAL_CAPACITY = 16
      MAXIMUM_CAPACITY = 1073741824
      DEFAULT_LOAD_FACTOR = 0.75
      EMPTY_TABLE = class java.util.HashMap$Entry[0]
      table = class java.util.HashMap$Entry[0]
      size = 0
      threshold = 16
      loadFactor = 0.75
      modCount = 0
      ALTERNATIVE_HASHING_THRESHOLD_DEFAULT = 2147483647
      hashSeed = 0
      entrySet = null
      serialVersionUID = 362498820763181265
      keySet = null
      values = class java.util.HashMap$Values@7bfcbd86
    mimeMappings = class java.util.HashMap@591d7c50
      DEFAULT_INITIAL_CAPACITY = 16
      MAXIMUM_CAPACITY = 1073741824
      DEFAULT_LOAD_FACTOR = 0.75
      EMPTY_TABLE = class java.util.HashMap$Entry[0]
      table = class java.util.HashMap$Entry[0]
      size = 0
      threshold = 16
      loadFactor = 0.75
      modCount = 0
      ALTERNATIVE_HASHING_THRESHOLD_DEFAULT = 2147483647
      hashSeed = 0
      entrySet = null
      serialVersionUID = 362498820763181265
      keySet = null
      values = null
    mimeFilters = null
    isMimeFilteringEnabled = false
    theWebGroup = null
    jspAttributes = class java.util.HashMap@1ecc95e5
      DEFAULT_INITIAL_CAPACITY = 16
      MAXIMUM_CAPACITY = 1073741824
      DEFAULT_LOAD_FACTOR = 0.75
      EMPTY_TABLE = class java.util.HashMap$Entry[0]
      table = class java.util.HashMap$Entry[0]
      size = 0
      threshold = 16
      loadFactor = 0.75
      modCount = 0
      ALTERNATIVE_HASHING_THRESHOLD_DEFAULT = 2147483647
      hashSeed = 0
      entrySet = null
      serialVersionUID = 362498820763181265
      keySet = class java.util.HashMap$KeySet@47e8839c
      values = null
    fileServingAttributes = class java.util.HashMap@984fd2f
      DEFAULT_INITIAL_CAPACITY = 16
      MAXIMUM_CAPACITY = 1073741824
      DEFAULT_LOAD_FACTOR = 0.75
      EMPTY_TABLE = class java.util.HashMap$Entry[0]
      table = class java.util.HashMap$Entry[0]
      size = 0
      threshold = 16
      loadFactor = 0.75
      modCount = 0
      ALTERNATIVE_HASHING_THRESHOLD_DEFAULT = 2147483647
      hashSeed = 0
      entrySet = null
      serialVersionUID = 362498820763181265
      keySet = null
      values = null
    invokerAttributes = class java.util.HashMap@7a0a1d8a
      DEFAULT_INITIAL_CAPACITY = 16
      MAXIMUM_CAPACITY = 1073741824
      DEFAULT_LOAD_FACTOR = 0.75
      EMPTY_TABLE = class java.util.HashMap$Entry[0]
      table = class java.util.HashMap$Entry[0]
      size = 0
      threshold = 16
      loadFactor = 0.75
      modCount = 0
      ALTERNATIVE_HASHING_THRESHOLD_DEFAULT = 2147483647
      hashSeed = 0
      entrySet = null
      serialVersionUID = 362498820763181265
      keySet = null
      values = null
    contextParams = class java.util.HashMap@2e198d9e
      DEFAULT_INITIAL_CAPACITY = 16
      MAXIMUM_CAPACITY = 1073741824
      DEFAULT_LOAD_FACTOR = 0.75
      EMPTY_TABLE = class java.util.HashMap$Entry[0]
      table = class java.util.HashMap$Entry[0]
      size = 0
      threshold = 16
      loadFactor = 0.75
      modCount = 0
      ALTERNATIVE_HASHING_THRESHOLD_DEFAULT = 2147483647
      hashSeed = 0
      entrySet = null
      serialVersionUID = 362498820763181265
      keySet = null
      values = null
    virtualHost = "default_host"
    exceptionErrorPages = class java.util.HashMap@fa097b7
      DEFAULT_INITIAL_CAPACITY = 16
      MAXIMUM_CAPACITY = 1073741824
      DEFAULT_LOAD_FACTOR = 0.75
      EMPTY_TABLE = class java.util.HashMap$Entry[0]
      table = class java.util.HashMap$Entry[0]
      size = 0
      threshold = 16
      loadFactor = 0.75
      modCount = 0
      ALTERNATIVE_HASHING_THRESHOLD_DEFAULT = 2147483647
      hashSeed = 0
      entrySet = null
      serialVersionUID = 362498820763181265
      keySet = null
      values = null
    codeErrorPages = class java.util.HashMap@78487764
      DEFAULT_INITIAL_CAPACITY = 16
      MAXIMUM_CAPACITY = 1073741824
      DEFAULT_LOAD_FACTOR = 0.75
      EMPTY_TABLE = class java.util.HashMap$Entry[0]
      table = class java.util.HashMap$Entry[0]
      size = 0
      threshold = 16
      loadFactor = 0.75
      modCount = 0
      ALTERNATIVE_HASHING_THRESHOLD_DEFAULT = 2147483647
      hashSeed = 0
      entrySet = null
      serialVersionUID = 362498820763181265
      keySet = null
      values = null
    tagLibList = null
    precompileJsps = false
    webApp = class com.ibm.ws.webcontainer.osgi.webapp.WebApp@2da8ef42
    virtualHostList = class java.util.Collections$EmptyList@5d9683ed
      serialVersionUID = 8842843931221139166
      modCount = 0
      MAX_ARRAY_SIZE = 2147483639
    appStartupWeight = 0
    moduleStartupWeight = 0
    metaDataComplete = false
    classesToScan = class java.util.ArrayList@44af6c9b
      serialVersionUID = 8683452581122892189
      DEFAULT_CAPACITY = 10
      EMPTY_ELEMENTDATA = class java.lang.Object[0]
      elementData = class java.lang.Object[0]
      size = 0
      MAX_ARRAY_SIZE = 2147483639
      modCount = 0
      MAX_ARRAY_SIZE = 2147483639
    uriFilterMappingInfos = null
    servletFilterMappingInfos = null
    dynamicServletRegistrationMap = null
    applicationName = "helloworld"
    libBinPathList = class java.util.ArrayList@59035757
      serialVersionUID = 8683452581122892189
      DEFAULT_CAPACITY = 10
      EMPTY_ELEMENTDATA = class java.lang.Object[0]
      elementData = class java.lang.Object[0]
      size = 0
      MAX_ARRAY_SIZE = 2147483639
      modCount = 0
      MAX_ARRAY_SIZE = 2147483639
    webXmlDefinedListeners = class java.util.HashSet@6a5b3e68
      serialVersionUID = -5024744406713321676
      map = class java.util.HashMap@685576e2
      PRESENT = class java.lang.Object@42f024f1
      MAX_ARRAY_SIZE = 2147483639
    allRefs = class java.util.EnumMap@c5e5465
      keyType = class java.lang.Class@7baaa1bf
      keyUniverse = class com.ibm.wsspi.injectionengine.JNDIEnvironmentRefType[14]
      vals = class java.lang.Object[14]
      size = 0
      NULL = class java.util.EnumMap$1@24c9c282
      ZERO_LENGTH_ENUM_ARRAY = class java.lang.Enum[0]
      entrySet = null
      serialVersionUID = 458661240069192865
      keySet = null
      values = null
    allRefBindings = class java.util.EnumMap@4f6b93b
      keyType = class java.lang.Class@7baaa1bf
      keyUniverse = class com.ibm.wsspi.injectionengine.JNDIEnvironmentRefType[14]
      vals = class java.lang.Object[14]
      size = 6
      NULL = class java.util.EnumMap$1@24c9c282
      ZERO_LENGTH_ENUM_ARRAY = class java.lang.Enum[0]
      entrySet = null
      serialVersionUID = 458661240069192865
      keySet = null
      values = null
    envEntryValues = class java.util.HashMap@61fad308
      DEFAULT_INITIAL_CAPACITY = 16
      MAXIMUM_CAPACITY = 1073741824
      DEFAULT_LOAD_FACTOR = 0.75
      EMPTY_TABLE = class java.util.HashMap$Entry[0]
      table = class java.util.HashMap$Entry[0]
      size = 0
      threshold = 16
      loadFactor = 0.75
      modCount = 0
      ALTERNATIVE_HASHING_THRESHOLD_DEFAULT = 2147483647
      hashSeed = 0
      entrySet = null
      serialVersionUID = 362498820763181265
      keySet = null
      values = null
    resourceRefConfigList = null
    disallowAllFileServingProp = "false"
    disallowServeServletsByClassnameProp = "true"
    disableStaticMappingCache = false
    jspCachedLocations = class java.util.HashMap@1a34e479
      DEFAULT_INITIAL_CAPACITY = 16
      MAXIMUM_CAPACITY = 1073741824
      DEFAULT_LOAD_FACTOR = 0.75
      EMPTY_TABLE = class java.util.HashMap$Entry[0]
      table = class java.util.HashMap$Entry[0]
      size = 0
      threshold = 16
      loadFactor = 0.75
      modCount = 0
      ALTERNATIVE_HASHING_THRESHOLD_DEFAULT = 2147483647
      hashSeed = 0
      entrySet = null
      serialVersionUID = 362498820763181265
      keySet = null
      values = null
    primedSTSHeader = "NoValue"
    enablemultireadofpostdata = false
    requestEncoding = null
    responseEncoding = null
    _id = "WebAppGeneratedId1"
    _attributes = null
    serialVersionUID = 7511545662945734886
    $$$tc$$$ = class com.ibm.websphere.ras.TraceComponent@bc3ae3
      strings[0] = "TraceComponent[com.ibm.ws.container.BaseConfiguration,class com.ibm.ws.container.BaseConfiguration,[],null,null]"
  webApp = class com.ibm.ws.webcontainer.osgi.webapp.WebApp@2da8ef42
    tc = class com.ibm.websphere.ras.TraceComponent@39f9816c
      strings[0] = "TraceComponent[com.ibm.ws.webcontainer.osgi.webapp.WebApp,class com.ibm.ws.webcontainer.osgi.webapp.WebApp,[webcontainer],com.ibm.ws.webcontainer.resources.LShimMessages,null]"
    CLASS_NAME = "com.ibm.ws.webcontainer.osgi.webapp.WebApp"
    metaDataService = class com.ibm.ws.container.service.metadata.internal.MetaDataServiceImpl@1e57f994
      applicationMetaDataManager = class com.ibm.ws.container.service.metadata.internal.ApplicationMetaDataManager@72e1378d
      moduleMetaDataManager = class com.ibm.ws.container.service.metadata.internal.ModuleMetaDataManager@200644e7
      componentMetaDataManager = class com.ibm.ws.container.service.metadata.internal.ComponentMetaDataManager@7b95aa1d
      methodMetaDataManager = class com.ibm.ws.container.service.metadata.internal.MethodMetaDataManager@1ed3954e
      appModuleNameToModuleContainer = class java.util.concurrent.ConcurrentHashMap@54ef43b1
      jeeNameToComponentMetaData = class java.util.concurrent.ConcurrentHashMap@28454507
      deferredMetaDataFactories = class com.ibm.wsspi.kernel.service.utils.ConcurrentServiceReferenceSet@5bb6e338
      deferredMetaDataInitializers = class com.ibm.wsspi.kernel.service.utils.ConcurrentServiceReferenceMap@43ffa092
      serialVersionUID = -2494605732980966097
      $$$tc$$$ = class com.ibm.websphere.ras.TraceComponent@528bddcc
    namespacePopulated = false
    referenceContext = class com.ibm.ws.injectionengine.osgi.internal.OSGiReferenceContextImpl@46343224
      scopeData = class com.ibm.ws.injectionengine.osgi.internal.OSGiInjectionScopeData@10583596
      serialVersionUID = 521511923892134915
      $$$tc$$$ = class com.ibm.websphere.ras.TraceComponent@1582eb84
      CLASS_NAME = "com.ibm.ws.injectionengine.ReferenceContextImpl"
      tc = class com.ibm.websphere.ras.TraceComponent@37e8cf51
      ivInjectionEngine = class com.ibm.ws.injectionengine.osgi.internal.OSGiInjectionEngineImpl@4b2219ea
      ivProviders = class java.util.ArrayList@2bd3782f
      ivComponentJavaContext = null
      ivComponentNameSpace = null
      ivJavaColonCompEnvMap = class java.util.LinkedHashMap@48776c23
      ivEjbContext10 = class java.util.Properties@185c9300
      ivResourceRefConfigList = null
      isAlreadyProcessed = true
      ivProcessFailure = null
      ivInjectionTargetMap = class java.util.concurrent.ConcurrentHashMap@65b6f17e
      svInjTarMapCacheSize = 256
      ivDeclaredInjectionTargets = class java.util.HashMap@4da8bb5d
      ivProcessedInjectionClasses = class java.util.HashSet@a4fe80
      ivProcessedInjectionBindings = class java.util.LinkedHashSet@504085d4
      ivAnyProcessDynamic = true
      ivCheckAppConfig = false
    j2eeNameFactory = class com.ibm.ws.container.service.metadata.internal.J2EENameFactoryImpl@65134494
      serialVersionUID = 3486344295038028821
      $$$tc$$$ = class com.ibm.websphere.ras.TraceComponent@6d6e8555
    moduleLoader = class com.ibm.ws.classloading.internal.AppClassLoader@7aa7ab56
      tc = class com.ibm.websphere.ras.TraceComponent@766538ac
      PARENT_FIRST_SEARCH_ORDER = class java.util.Collections$UnmodifiableRandomAccessList@43c60298
      CLASS_LOADING_TRACE_PREFIX = "com.ibm.ws.class.load."
      DEFAULT_PACKAGE = "default.package"
      perPackageClassLoadingTraceComponents = class java.util.concurrent.ConcurrentHashMap@7cd46bea
      config = class com.ibm.ws.classloading.internal.ClassLoaderConfigurationImpl@5df90fac
      privateLibraries = null
      delegateLoaders = class com.ibm.ws.classloading.internal.util.CompositeIterable@a741567
      nativeLibraryFiles = class java.util.ArrayList@4b29228d
      transformers = class java.util.ArrayList@799b7d87
      apiAccess = class com.ibm.ws.classloading.internal.GatewayClassLoader@51f2bcf6
      generator = class com.ibm.ws.classloading.internal.ClassGeneratorManager@4f4e6870
      protectionDomains = class java.util.concurrent.ConcurrentHashMap@24aab9bd
      parent = class com.ibm.ws.classloading.internal.GatewayClassLoader@51f2bcf6
      serialVersionUID = 952643806680066297
      tc = class com.ibm.websphere.ras.TraceComponent@3b2bdbb5
      EMPTY_URL_ARRAY = class java.net.URL[0]
      smartClassPath = class com.ibm.ws.classloading.internal.ContainerClassLoader$SmartClassPathImpl@b52161c
      nativeLibraryContainers = class java.util.ArrayList@3a298e12
      redefiner = class com.ibm.ws.classloading.internal.util.ClassRedefiner@7e2e5d92
      mapCreationQueue = class java.util.concurrent.Executors$FinalizableDelegatedExecutorService@16015cf6
      serialVersionUID = 7249739282446266343
      serialVersionUID = -7411549862368381758
      $$$tc$$$ = class com.ibm.websphere.ras.TraceComponent@4248d35a
      serialVersionUID = -4868702105808481416
      $$$tc$$$ = class com.ibm.websphere.ras.TraceComponent@224298f8
      serialVersionUID = 2596921220292114344
      $$$tc$$$ = class com.ibm.websphere.ras.TraceComponent@511697b7
      initialized = true
      pdcache = class java.util.HashMap@1ee13f9e
      debug = null
      parent = class com.ibm.ws.classloading.internal.GatewayClassLoader@51f2bcf6
      parallelLockMap = null
      package2certs = class java.util.Hashtable@5617ade8
      nocerts = class java.security.cert.Certificate[0]
      classes = class java.util.Vector@2c9a8680
      defaultDomain = class java.security.ProtectionDomain@54f45460
      domains = class java.util.HashSet@74cf9632
      packages = class java.util.HashMap@688de887
      scl = class sun.misc.Launcher$AppClassLoader@799dbc3b
      sclSet = true
      loadedLibraryNames = class java.util.Vector@124f7f06
      systemNativeLibraries = class java.util.Vector@211c6c4e
      nativeLibraries = class java.util.Vector@3c9d2cb1
      nativeLibraryContext = class java.util.Stack@9da99bc
      usr_paths = class java.lang.String[6]
      sys_paths = class java.lang.String[1]
      assertionLock = class com.ibm.ws.classloading.internal.AppClassLoader@7aa7ab56
      defaultAssertionStatus = false
      packageAssertionStatus = null
      classAssertionStatus = null
    webAppConfig = class com.ibm.ws.webcontainer.osgi.webapp.WebAppConfiguration@76354b78
    extensionProcessingDisabled = false
    managedObjectService = class com.ibm.ws.managedobject.internal.ManagedObjectServiceImpl@53fb8463
      serialVersionUID = 2287241231190391755
      $$$tc$$$ = class com.ibm.websphere.ras.TraceComponent@8365ab4
    GenPluginCfgMB = null
    internalServletMetaData = interface com.ibm.wsspi.webcontainer.metadata.WebComponentMetaData[2]
      WebComponentMetaData[0] = null
      WebComponentMetaData[1] = null
    loginProcessor = null
    logoutProcessor = null
    collabHelper = class com.ibm.ws.webcontainer.osgi.collaborator.CollaboratorHelperImpl@24edefe9
    envObject = class com.ibm.ws.util.WSThreadLocal@196f403a
      tc = class com.ibm.ejs.ras.TraceComponent@ac746a1
      count = 8
      index = 1
      SUSPECTED_MISUSAGE_THRESHOLD = 200
      threadLocalHashCode = -656452999
      nextHashCode = class java.util.concurrent.atomic.AtomicInteger@4ea7ca40
      HASH_INCREMENT = 1640531527
    orderedLibPaths = class java.util.Collections$UnmodifiableRandomAccessList@72929783
    perm = class com.ibm.websphere.security.WebSphereRuntimePermission@56e1ace1
      serialVersionUID = -3306242789188168337
      $$$tc$$$ = class com.ibm.websphere.ras.TraceComponent@55bce7e2
      serialVersionUID = 6279438298436773498
      wildcard = false
      path = "accessServletContext"
      exitVM = false
      serialVersionUID = -5636570222231596674
      name = "accessServletContext"
    WELCOME_FILE_LIST = "com.ibm.ws.webcontainer.config.WelcomeFileList"
    DIR_BROWSING_MAPPING = "__dirBrowsing__1515251210375"
    FILTER_PROXY_MAPPING = "/__filterProxy__1515251210375"
    logger = class com.ibm.ws.logging.internal.WsLogger@6145cbf9
    CLASS_NAME = "com.ibm.ws.webcontainer.webapp.WebApp"
    loader = class com.ibm.ws.classloading.internal.ThreadContextClassLoader@69c76f7e
      tc = class com.ibm.websphere.ras.TraceComponent@6d3c62b9
      bundle = class java.util.concurrent.atomic.AtomicReference@409bd690
      key = "WebModule:helloworld#helloworld.war"
      refCount = class java.util.concurrent.atomic.AtomicInteger@3723a913
      appLoader = class com.ibm.ws.classloading.internal.AppClassLoader@7aa7ab56
      clSvc = class com.ibm.ws.classloading.internal.ClassLoadingServiceImpl@6313aad
      serialVersionUID = 846416563800781557
      followOnClassLoaders = class java.util.ArrayList@5911f35a
      serialVersionUID = -5107316606107305512
      $$$tc$$$ = class com.ibm.websphere.ras.TraceComponent@747bd28d
      serialVersionUID = -4868702105808481416
      $$$tc$$$ = class com.ibm.websphere.ras.TraceComponent@224298f8
      serialVersionUID = 2596921220292114344
      $$$tc$$$ = class com.ibm.websphere.ras.TraceComponent@511697b7
      initialized = true
      pdcache = class java.util.HashMap@85b05bf
      debug = null
      parent = class com.ibm.ws.classloading.internal.GatewayClassLoader@672beba5
      parallelLockMap = null
      package2certs = class java.util.Hashtable@fd642e2
      nocerts = class java.security.cert.Certificate[0]
      classes = class java.util.Vector@3bc10b8d
      defaultDomain = class java.security.ProtectionDomain@7edd74a0
      domains = class java.util.HashSet@7d13f571
      packages = class java.util.HashMap@29570dde
      scl = class sun.misc.Launcher$AppClassLoader@799dbc3b
      sclSet = true
      loadedLibraryNames = class java.util.Vector@124f7f06
      systemNativeLibraries = class java.util.Vector@211c6c4e
      nativeLibraries = class java.util.Vector@510a85dd
      nativeLibraryContext = class java.util.Stack@9da99bc
      usr_paths = class java.lang.String[6]
      sys_paths = class java.lang.String[1]
      assertionLock = class com.ibm.ws.classloading.internal.ThreadContextClassLoader@69c76f7e
      defaultAssertionStatus = false
      packageAssertionStatus = null
      classAssertionStatus = null
    facade = class com.ibm.wsspi.webcontainer.facade.ServletContextFacade@7a1d1456
      context = class com.ibm.ws.webcontainer.osgi.webapp.WebApp@2da8ef42
    features = class java.util.ArrayList@b2258bc
      serialVersionUID = 8683452581122892189
      DEFAULT_CAPACITY = 10
      EMPTY_ELEMENTDATA = class java.lang.Object[0]
      elementData = class java.lang.Object[0]
      size = 0
      MAX_ARRAY_SIZE = 2147483639
      modCount = 0
      MAX_ARRAY_SIZE = 2147483639
    applicationName = "helloworld"
    config = class com.ibm.ws.webcontainer.osgi.webapp.WebAppConfiguration@76354b78
    securityEnabledForApp = false
    webExtensionProcessor = class com.ibm.ws.webcontainer.osgi.extension.WebExtensionProcessor@7befa459
      webApp = class com.ibm.ws.webcontainer.osgi.webapp.WebApp@2da8ef42
      extensionContext = class com.ibm.ws.webcontainer.osgi.webapp.WebApp@2da8ef42
    production = true
    isServlet23 = true
    contextPath = "/helloworld"
    internalServletList = class [Ljava.lang.String;[2]
      String[][0] = class java.lang.String[2]
      String[][1] = class java.lang.String[2]
    BY_NAME_ONLY = "/_1515251210376_/"
    filterManager = class com.ibm.ws.webcontainer.osgi.filter.WebAppFilterManagerImpl@37ce01f3
    documentRoot = null
    SERVLET_API_VERSION = "Servlet 2.5"
    disableServletAuditLogging = -1
    serverInfo = "SMF WebContainer"
    sessionCtx = class com.ibm.ws.webcontainer.session.impl.HttpSessionContextImpl@49d2aead
      methodClassName = "HttpSessionContextImpl"
      _smc = class com.ibm.ws.session.SessionManagerConfig@2cbc6ffb
      sessionStoreService = null
      _sap = class com.ibm.ws.session.SessionApplicationParameters@238e8be9
      _coreHttpSessionManager = class com.ibm.ws.session.SessionManager@6383803b
      _coreHttpAppSessionManager = null
      _sam = class com.ibm.ws.webcontainer.session.impl.SessionAffinityManagerImpl@4e57d487
      isSIPApplication = false
      sessionAttributeListener = false
      sessionListener = false
      mHttpSessionAttributeListeners = class java.util.ArrayList@6842133f
      mHttpSessionListeners = class java.util.ArrayList@32f12531
      mHttpSessionIdListeners = class java.util.ArrayList@75c0ce17
      mHttpSessionAttributeListenersJ2eeNames = class java.util.ArrayList@451a8466
      mHttpSessionListenersJ2eeNames = class java.util.ArrayList@4fea67fb
      mHttpSessionIdListenersJ2eeNames = class java.util.ArrayList@2650b8ba
      mLocalHost = null
      _refCount = 1
      currentThreadSacHashtable = null
      methodClassName = "SessionContext"
      ANONYMOUS_USER = "anonymous"
      wasHttpSessionObserver = class com.ibm.ws.session.WasHttpSessionObserver@7d8fcefc
      wasHttpSessionAttributeObserver = null
      _invalidator = class com.ibm.ws.session.SessionInvalidatorWithThreadPool@6c5e42ca
      _storer = class com.ibm.ws.session.EOSSessionStorer@2073135b
      wasHttpAppSessionObserver = null
      mHttpAppSessionListeners = null
      cmvcInfo = "CMVC Version 1.9 6/24/07 11:12:24"
      _loggedVersion = true
      CREATE_CORE_SESSION_MANAGER = 0
      GET_REQUESTED_SESSION_ID = 1
      GET_IHTTP_SESSION = 2
      SESSION_PRE_INVOKE = 3
      SESSION_POST_INVOKE = 4
      STOP = 5
      STOP_LISTENERS = 6
      IS_VALID = 7
      ENCODE_URL = 8
      SHOULD_ENCODE_URL = 9
      IS_PROTOCOL_SWITCH = 10
      GET_LOCAL_HOST = 11
      ADD_HTTP_SESSION_ATTRIBUTE_LISTENER = 12
      ADD_HTTP_SESSION_LISTENER = 13
      GET_SESSION_AFFINITY_CONTEXT = 14
      CHECK_SECURITY = 15
      INVALIDATE = 16
      CHECK_SESSSIONID_IS_RIGHT_LENGTH = 17
      LOCK_SESSION = 18
      UNLOCK_SESSION = 19
      ADD_HTTP_SESSION_ID_LISTENER = 20
      methodNames = class java.lang.String[21]
    eventSource = class com.ibm.ws.webcontainer.webapp.WebAppEventSource@26575a7b
    nls = class com.ibm.ejs.ras.TraceNLS@26ca05b8
      resolver = class com.ibm.ws.logging.internal.TraceNLSResolver@79b02b1f
      finder = null
      ivBundleName = "com.ibm.ws.webcontainer.resources.Messages"
      caller = class java.lang.Class@4e60571
    liberty_nls = class com.ibm.ejs.ras.TraceNLS@193d86ed
      resolver = class com.ibm.ws.logging.internal.TraceNLSResolver@79b02b1f
      finder = null
      ivBundleName = "com.ibm.ws.webcontainer.resources.LShimMessages"
      caller = class java.lang.Class@4e60571
    error_nls = class com.ibm.ejs.ras.TraceNLS@16653e8d
      resolver = class com.ibm.ws.logging.internal.TraceNLSResolver@79b02b1f
      finder = null
      ivBundleName = "com.ibm.ws.webcontainer.resources.ErrorPage"
      caller = class java.lang.Class@4e60571
    sessionListeners = class java.util.ArrayList@50eda677
      serialVersionUID = 8683452581122892189
      DEFAULT_CAPACITY = 10
      EMPTY_ELEMENTDATA = class java.lang.Object[0]
      elementData = class java.lang.Object[0]
      size = 0
      MAX_ARRAY_SIZE = 2147483639
      modCount = 1
      MAX_ARRAY_SIZE = 2147483639
    sessionIdListeners = class java.util.ArrayList@224bf823
      serialVersionUID = 8683452581122892189
      DEFAULT_CAPACITY = 10
      EMPTY_ELEMENTDATA = class java.lang.Object[0]
      elementData = class java.lang.Object[0]
      size = 0
      MAX_ARRAY_SIZE = 2147483639
      modCount = 0
      MAX_ARRAY_SIZE = 2147483639
    sessionAttrListeners = class java.util.ArrayList@298fd36c
      serialVersionUID = 8683452581122892189
      DEFAULT_CAPACITY = 10
      EMPTY_ELEMENTDATA = class java.lang.Object[0]
      elementData = class java.lang.Object[0]
      size = 0
      MAX_ARRAY_SIZE = 2147483639
      modCount = 1
      MAX_ARRAY_SIZE = 2147483639
    addedSessionListeners = class java.util.ArrayList@21816cc5
      serialVersionUID = 8683452581122892189
      DEFAULT_CAPACITY = 10
      EMPTY_ELEMENTDATA = class java.lang.Object[0]
      elementData = class java.lang.Object[0]
      size = 0
      MAX_ARRAY_SIZE = 2147483639
      modCount = 0
      MAX_ARRAY_SIZE = 2147483639
    addedSessionAttrListeners = class java.util.ArrayList@380c0ab2
      serialVersionUID = 8683452581122892189
      DEFAULT_CAPACITY = 10
      EMPTY_ELEMENTDATA = class java.lang.Object[0]
      elementData = class java.lang.Object[0]
      size = 0
      MAX_ARRAY_SIZE = 2147483639
      modCount = 0
      MAX_ARRAY_SIZE = 2147483639
    servletContextListeners = class java.util.ArrayList@1e9248dd
      serialVersionUID = 8683452581122892189
      DEFAULT_CAPACITY = 10
      EMPTY_ELEMENTDATA = class java.lang.Object[0]
      elementData = class java.lang.Object[10]
      size = 1
      MAX_ARRAY_SIZE = 2147483639
      modCount = 2
      MAX_ARRAY_SIZE = 2147483639
    servletContextLAttrListeners = class java.util.ArrayList@15edb4d9
      serialVersionUID = 8683452581122892189
      DEFAULT_CAPACITY = 10
      EMPTY_ELEMENTDATA = class java.lang.Object[0]
      elementData = class java.lang.Object[0]
      size = 0
      MAX_ARRAY_SIZE = 2147483639
      modCount = 1
      MAX_ARRAY_SIZE = 2147483639
    servletRequestListeners = class java.util.ArrayList@28fc1dce
      serialVersionUID = 8683452581122892189
      DEFAULT_CAPACITY = 10
      EMPTY_ELEMENTDATA = class java.lang.Object[0]
      elementData = class java.lang.Object[0]
      size = 0
      MAX_ARRAY_SIZE = 2147483639
      modCount = 1
      MAX_ARRAY_SIZE = 2147483639
    servletRequestLAttrListeners = class java.util.ArrayList@4008d467
      serialVersionUID = 8683452581122892189
      DEFAULT_CAPACITY = 10
      EMPTY_ELEMENTDATA = class java.lang.Object[0]
      elementData = class java.lang.Object[0]
      size = 0
      MAX_ARRAY_SIZE = 2147483639
      modCount = 1
      MAX_ARRAY_SIZE = 2147483639
    prependSlashToResource = false
    destroyed = false
    webAppNameSpaceCollab = class com.ibm.ws.webcontainer.osgi.collaborator.WebAppNameSpaceCollaboratorImpl@121bcf0
    txCollab = class com.ibm.ws.webcontainer.collaborator.WebAppTransactionCollaborator@5e8afb02
    sessionActivationListeners = class java.util.ArrayList@3b0d709
      serialVersionUID = 8683452581122892189
      DEFAULT_CAPACITY = 10
      EMPTY_ELEMENTDATA = class java.lang.Object[0]
      elementData = class java.lang.Object[0]
      size = 0
      MAX_ARRAY_SIZE = 2147483639
      modCount = 1
      MAX_ARRAY_SIZE = 2147483639
    sessionBindingListeners = class java.util.ArrayList@4ef591c3
      serialVersionUID = 8683452581122892189
      DEFAULT_CAPACITY = 10
      EMPTY_ELEMENTDATA = class java.lang.Object[0]
      elementData = class java.lang.Object[0]
      size = 0
      MAX_ARRAY_SIZE = 2147483639
      modCount = 1
      MAX_ARRAY_SIZE = 2147483639
    scratchdir = null
    jspClassLoaderLimit = 0
    jspClassLoaderExclusionList = null
    jspClassLoadersMap = null
    jspClassLoaderLimitTrackIF = false
    defaultExtProc = null
    directoryBrowsingServlet = null
    cdiContexts = class java.util.concurrent.ConcurrentHashMap@5c34c1b4
      serialVersionUID = 7249069246763182397
      DEFAULT_INITIAL_CAPACITY = 16
      DEFAULT_LOAD_FACTOR = 0.75
      DEFAULT_CONCURRENCY_LEVEL = 16
      MAXIMUM_CAPACITY = 1073741824
      MIN_SEGMENT_TABLE_CAPACITY = 2
      MAX_SEGMENTS = 65536
      RETRIES_BEFORE_LOCK = 2
      hashSeed = 0
      segmentMask = 15
      segmentShift = 28
      segments = class java.util.concurrent.ConcurrentHashMap$Segment[16]
      keySet = null
      entrySet = null
      values = null
      UNSAFE = class sun.misc.Unsafe@687704cf
      SBASE = 16
      SSHIFT = 2
      TBASE = 16
      TSHIFT = 2
      HASHSEED_OFFSET = 20
      SEGSHIFT_OFFSET = 28
      SEGMASK_OFFSET = 24
      SEGMENTS_OFFSET = 32
      keySet = null
      values = null
    moduleConfig = class com.ibm.ws.webcontainer.osgi.container.DeployedModule@b993fb7
      tc = class com.ibm.websphere.ras.TraceComponent@296fbcdb
      loader = class com.ibm.ws.classloading.internal.ThreadContextClassLoader@69c76f7e
      webApp = class com.ibm.ws.webcontainer.osgi.webapp.WebApp@2da8ef42
      webAppConfig = class com.ibm.ws.webcontainer.osgi.webapp.WebAppConfiguration@76354b78
      contextRootAdded = null
      properContextRoot = "/helloworld"
      mappingContextRoot = "/helloworld/*"
      serialVersionUID = -2104814060051592457
      $$$tc$$$ = class com.ibm.websphere.ras.TraceComponent@6f4d04b3
    extensionFactories = class java.util.ArrayList@7a260d53
      serialVersionUID = 8683452581122892189
      DEFAULT_CAPACITY = 10
      EMPTY_ELEMENTDATA = class java.lang.Object[0]
      elementData = class java.lang.Object[10]
      size = 1
      MAX_ARRAY_SIZE = 2147483639
      modCount = 1
      MAX_ARRAY_SIZE = 2147483639
    initialized = true
    lock = class com.ibm.ws.webcontainer.webapp.WebApp$1@4a8aab
      this$0 = class com.ibm.ws.webcontainer.osgi.webapp.WebApp@2da8ef42
    afterServletContextCreated = false
    redirectContextRoot = false
    errorExceptionTypeFirst = false
    initFilterBeforeServletInit = false
    sortedServletConfigs = class java.util.ArrayList@1dd5e0b3
      serialVersionUID = 8683452581122892189
      DEFAULT_CAPACITY = 10
      EMPTY_ELEMENTDATA = class java.lang.Object[0]
      elementData = class java.lang.Object[0]
      size = 0
      MAX_ARRAY_SIZE = 2147483639
      modCount = 0
      MAX_ARRAY_SIZE = 2147483639
    effectiveMajorVersion = 3
    effectiveMinorVersion = 0
    canAddServletContextListener = true
    withinContextInitOfProgAddListener = false
    lastProgAddListenerInitialized = "com.ibm.ws.jsp.runtime.ContextListener"
    webInfLibClassloader = null
    metaInfCache = class com.ibm.ws.webcontainer.webapp.WebApp$2@44931712
      this$0 = class com.ibm.ws.webcontainer.osgi.webapp.WebApp@2da8ef42
      serialVersionUID = 3801124242820219131
      header = class java.util.LinkedHashMap$Entry@15845af4
      accessOrder = true
      DEFAULT_INITIAL_CAPACITY = 16
      MAXIMUM_CAPACITY = 1073741824
      DEFAULT_LOAD_FACTOR = 0.75
      EMPTY_TABLE = class java.util.HashMap$Entry[0]
      table = class java.util.HashMap$Entry[0]
      size = 0
      threshold = 21
      loadFactor = 1.0
      modCount = 0
      ALTERNATIVE_HASHING_THRESHOLD_DEFAULT = 2147483647
      hashSeed = 0
      entrySet = null
      serialVersionUID = 362498820763181265
      keySet = null
      values = null
    useMetaInfCache = true
    SUN_CONFIGURE_LISTENER_CLASSNAME = "com.sun.faces.config.ConfigureListener"
    MYFACES_LIFECYCLE_LISTENER_CLASSNAME = "org.apache.myfaces.webapp.StartupServletContextListener"
    JSF_IMPL_ENABLED_PARAM = "com.ibm.ws.jsf.JSF_IMPL_ENABLED"
    JSF_IMPL_ENABLED_CUSTOM = "Custom"
    JSF_IMPL_ENABLED_NONE = "None"
    staticDocRoot = class com.ibm.ws.webcontainer.util.DocumentRootUtils@14cfc1ea
      logger = class com.ibm.ws.logging.internal.WsLogger@2c64f979
      CLASS_NAME = "com.ibm.ws.webcontainer.util.DocumentRootUtils"
      useContentLength = false
      matchedFile = null
      matchedZipFile = null
      matchedEntry = null
      matchedURL = null
      edrRoot = null
      pfedrRoot = null
      ctxt = class com.ibm.ws.webcontainer.osgi.webapp.WebApp@2da8ef42
      baseDir = null
      edr = null
      pfedr = null
      metaInfRes = null
      searchpfEDR = true
      searchEDR = true
      searchMetaInfRes = true
      matchFromEDR = false
      matchFromMetaInfRes = false
      matchIsADirectory = false
      appConfig = class com.ibm.ws.webcontainer.osgi.webapp.WebAppConfiguration@76354b78
      attributeType = "staticFile"
      STATIC_FILE = "staticFile"
      JSP = "jsp"
      PFEDR = "preFragmentExtendedDocumentRoot"
      EDR = "extendedDocumentRoot"
    jspDocRoot = class com.ibm.ws.webcontainer.util.DocumentRootUtils@53c3f452
      logger = class com.ibm.ws.logging.internal.WsLogger@2c64f979
      CLASS_NAME = "com.ibm.ws.webcontainer.util.DocumentRootUtils"
      useContentLength = false
      matchedFile = null
      matchedZipFile = null
      matchedEntry = null
      matchedURL = null
      edrRoot = null
      pfedrRoot = null
      ctxt = class com.ibm.ws.webcontainer.osgi.webapp.WebApp@2da8ef42
      baseDir = null
      edr = null
      pfedr = null
      metaInfRes = null
      searchpfEDR = true
      searchEDR = true
      searchMetaInfRes = true
      matchFromEDR = false
      matchFromMetaInfRes = false
      matchIsADirectory = false
      appConfig = class com.ibm.ws.webcontainer.osgi.webapp.WebAppConfiguration@76354b78
      attributeType = "jsp"
      STATIC_FILE = "staticFile"
      JSP = "jsp"
      PFEDR = "preFragmentExtendedDocumentRoot"
      EDR = "extendedDocumentRoot"
    container = class com.ibm.ws.adaptable.module.internal.AdaptableContainerImpl@49dd3e6f
      root = class com.ibm.ws.adaptable.module.internal.AdaptableContainerImpl@49dd3e6f
      rootOverlay = class com.ibm.ws.artifact.overlay.internal.DirectoryBasedOverlayContainerImpl@f7dbc6a
      factoryHolder = class com.ibm.ws.adaptable.module.internal.AdaptableModuleFactoryImpl@7dcdb18
      delegate = class com.ibm.ws.artifact.overlay.internal.DirectoryBasedOverlayContainerImpl@f7dbc6a
      notifier = class com.ibm.ws.adaptable.module.internal.NotifierImpl@34b408b0
      serialVersionUID = -5621513278641113667
      $$$tc$$$ = class com.ibm.websphere.ras.TraceComponent@56218d7e
    metaInfResourceFinder = class com.ibm.ws.webcontainer.util.MetaInfResourceFinder@65dd5e74
      jarResourceContainers = class java.util.ArrayList@3be6c64f
      container = class com.ibm.ws.adaptable.module.internal.AdaptableContainerImpl@49dd3e6f
    postConstructMethods = class com.ibm.ws.webcontainer.webapp.WebApp$AnnotatedMethods@286445eb
      annotationClass = class java.lang.Class@18877ac4
      noOpClassNames = class java.util.HashSet@4b99ce2e
      annotatedMethodNames = class java.util.concurrent.ConcurrentHashMap@5eaf54c8
      EMPTY_METHODS = class java.lang.reflect.Method[0]
    preDestroyMethods = class com.ibm.ws.webcontainer.webapp.WebApp$AnnotatedMethods@4f2a5c04
      annotationClass = class java.lang.Class@2c53124c
      noOpClassNames = class java.util.HashSet@a973fcc
      annotatedMethodNames = class java.util.concurrent.ConcurrentHashMap@4fdd6f82
      EMPTY_METHODS = class java.lang.reflect.Method[0]
    upgraded = false
    OBJ_EMPTY = class java.lang.Object[0]
    CLASS_EMPTY = class java.lang.Class[0]
    DEFAULT_JSP_EXTENSIONS = class java.util.ArrayList@65ff3336
      serialVersionUID = 8683452581122892189
      DEFAULT_CAPACITY = 10
      EMPTY_ELEMENTDATA = class java.lang.Object[0]
      elementData = class java.lang.Object[10]
      size = 4
      MAX_ARRAY_SIZE = 2147483639
      modCount = 4
      MAX_ARRAY_SIZE = 2147483639
    DEFER_SERVLET_REQUEST_LISTENER_DESTROY_ON_ERROR = false
    DO_ACCEPT_PARTIAL = true
    DO_NOT_ACCEPT_PARTIAL = false
    DO_ACCEPT_EXCLUDED = true
    DO_NOT_ACCEPT_EXCLUDED = false
    commands = class java.util.ArrayList@13680dde
      serialVersionUID = 8683452581122892189
      DEFAULT_CAPACITY = 10
      EMPTY_ELEMENTDATA = class java.lang.Object[0]
      elementData = class java.lang.Object[3]
      size = 0
      MAX_ARRAY_SIZE = 2147483639
      modCount = 0
      MAX_ARRAY_SIZE = 2147483639
    requestMapper = class com.ibm.wsspi.webcontainer.util.URIMapper@146673c6
      matcher = class com.ibm.wsspi.webcontainer.util.URIMatcher@775df177
    parent = class com.ibm.ws.webcontainer.osgi.webapp.WebGroup@14e0cc8d
      tc = class com.ibm.websphere.ras.TraceComponent@6ac00f8a
      logger = class com.ibm.ws.logging.internal.WsLogger@6145cbf9
      CLASS_NAME = "com.ibm.ws.webcontainer.webapp.WebGroup"
      sessUrlRewritePrefix = ";jsessionid="
      qMark = "?"
      config = class com.ibm.ws.webcontainer.osgi.webapp.WebGroupConfiguration@18c15565
      webApp = class com.ibm.ws.webcontainer.osgi.webapp.WebApp@2da8ef42
      commands = class java.util.ArrayList@3ccd6695
      requestMapper = null
      parent = class com.ibm.ws.webcontainer.osgi.DynamicVirtualHost@23efdada
      name = "/helloworld/*"
      isAlive = true
      subElements = class java.util.HashMap@5109df62
      attributes = null
      config = null
      serialVersionUID = -8271459000149267764
      $$$tc$$$ = class com.ibm.websphere.ras.TraceComponent@252d0daf
    name = "helloworld"
    isAlive = true
    subElements = null
    attributes = class java.util.concurrent.ConcurrentHashMap@66958dc1
      serialVersionUID = 7249069246763182397
      DEFAULT_INITIAL_CAPACITY = 16
      DEFAULT_LOAD_FACTOR = 0.75
      DEFAULT_CONCURRENCY_LEVEL = 16
      MAXIMUM_CAPACITY = 1073741824
      MIN_SEGMENT_TABLE_CAPACITY = 2
      MAX_SEGMENTS = 65536
      RETRIES_BEFORE_LOCK = 2
      hashSeed = 0
      segmentMask = 15
      segmentShift = 28
      segments = class java.util.concurrent.ConcurrentHashMap$Segment[16]
      keySet = null
      entrySet = null
      values = null
      UNSAFE = class sun.misc.Unsafe@687704cf
      SBASE = 16
      SSHIFT = 2
      TBASE = 16
      TSHIFT = 2
      HASHSEED_OFFSET = 20
      SEGSHIFT_OFFSET = 28
      SEGMASK_OFFSET = 24
      SEGMENTS_OFFSET = 32
      keySet = null
      values = null
    config = null
    serialVersionUID = -8271459000149267764
    $$$tc$$$ = class com.ibm.websphere.ras.TraceComponent@252d0daf
      strings[0] = "TraceComponent[com.ibm.ws.container.AbstractContainer,class com.ibm.ws.container.AbstractContainer,[],null,null]"
  collabHelper = class com.ibm.ws.webcontainer.osgi.collaborator.CollaboratorHelperImpl@24edefe9
    webAppInvCollabs = class java.util.Collections$UnmodifiableSet@4f88102d
      serialVersionUID = -9215047833775013803
      serialVersionUID = 1820017752578914078
      c = class java.util.concurrent.CopyOnWriteArraySet@52955821
    securityDomainForApp = null
    logger = class com.ibm.ws.logging.internal.WsLogger@12d58a7d
      tc = class com.ibm.websphere.ras.TraceComponent@11cbbeb1
      ivCachedResourceBundleName = null
      ivCachedResourceBundle = null
      ivComponent = null
      ivOrganization = null
      ivProduct = null
      ivMinimumLocalizationLevelIntValue = 625
      ivTC = class com.ibm.websphere.ras.TraceComponent@4fee6bde
      loggerRegistrationComponent = class java.lang.ThreadLocal@73a7794d
      emptyHandlers = class java.util.logging.Handler[0]
      offValue = 2147483647
      manager = class com.ibm.ws.kernel.boot.logging.WsLogManager@7be41edb
      name = "com.ibm.ws.webcontainer.collaborator"
      handlers = class java.util.concurrent.CopyOnWriteArrayList@7a80759f
      resourceBundleName = "com.ibm.ws.webcontainer.resources.Messages"
      useParentHandlers = true
      filter = null
      anonymous = false
      catalog = class com.ibm.ws.webcontainer.resources.Messages_pt_BR@5c1c8876
      catalogName = "com.ibm.ws.webcontainer.resources.Messages"
      catalogLocale = class java.util.Locale@55432a38
      treeLock = class java.lang.Object@2c88ee43
      parent = class com.ibm.ws.logging.internal.WsLogger@51d2878c
      kids = null
      levelObject = class java.util.logging.Level@54c1224b
      levelValue = 800
      callersClassLoaderRef = class java.lang.ref.WeakReference@7aa588e
      isSystemLogger = false
      GLOBAL_LOGGER_NAME = "global"
      global = class java.util.logging.Logger@683cfa2
      SYSTEM_LOGGER_RB_NAME = "sun.util.logging.resources.logging"
    staticDefaultSecurityCollaborator = class com.ibm.ws.webcontainer.collaborator.WebAppSecurityCollaborator@4dfb3124
    logger = class com.ibm.ws.logging.internal.WsLogger@5da48e8d
      tc = class com.ibm.websphere.ras.TraceComponent@11cbbeb1
      ivCachedResourceBundleName = null
      ivCachedResourceBundle = null
      ivComponent = null
      ivOrganization = null
      ivProduct = null
      ivMinimumLocalizationLevelIntValue = 625
      ivTC = class com.ibm.websphere.ras.TraceComponent@49c60e18
      loggerRegistrationComponent = class java.lang.ThreadLocal@73a7794d
      emptyHandlers = class java.util.logging.Handler[0]
      offValue = 2147483647
      manager = class com.ibm.ws.kernel.boot.logging.WsLogManager@7be41edb
      name = "com.ibm.wsspi.webcontainer.collaborator"
      handlers = class java.util.concurrent.CopyOnWriteArrayList@2be58b42
      resourceBundleName = "com.ibm.ws.webcontainer.resources.Messages"
      useParentHandlers = true
      filter = null
      anonymous = false
      catalog = class com.ibm.ws.webcontainer.resources.Messages_pt_BR@5c1c8876
      catalogName = "com.ibm.ws.webcontainer.resources.Messages"
      catalogLocale = class java.util.Locale@55432a38
      treeLock = class java.lang.Object@2c88ee43
      parent = class com.ibm.ws.logging.internal.WsLogger@63973685
      kids = null
      levelObject = class java.util.logging.Level@54c1224b
      levelValue = 800
      callersClassLoaderRef = class java.lang.ref.WeakReference@5c7c88d7
      isSystemLogger = false
      GLOBAL_LOGGER_NAME = "global"
      global = class java.util.logging.Logger@683cfa2
      SYSTEM_LOGGER_RB_NAME = "sun.util.logging.resources.logging"
    CLASS_NAME = "com.ibm.wsspi.webcontainer.collaborator.CollaboratorHelper"
    webApp = class com.ibm.ws.webcontainer.osgi.webapp.WebApp@2da8ef42
    securityCollaborator = class com.ibm.ws.webcontainer.collaborator.WebAppSecurityCollaborator@4dfb3124
    nameSpaceCollaborator = class com.ibm.ws.webcontainer.osgi.collaborator.WebAppNameSpaceCollaboratorImpl@121bcf0
    transactionCollaborator = class com.ibm.ws.webcontainer.collaborator.WebAppTransactionCollaborator@5e8afb02
      logger = class com.ibm.ws.logging.internal.WsLogger@12d58a7d
      CLASS_NAME = "com.ibm.ws.webcontainer.collaborator.WebAppTransactionCollaborator"
    connectionCollaborator = class com.ibm.ws.webcontainer.collaborator.ConnectionCollaborator@766570cb
    allCollabEnum = class java.util.RegularEnumSet@7dd05c26
      serialVersionUID = 3411599620347842686
      elements = 511
      elementType = class java.lang.Class@1e1ab4e7
      universe = class com.ibm.wsspi.webcontainer.collaborator.CollaboratorInvocationEnum[9]
      ZERO_LENGTH_ENUM_ARRAY = class java.lang.Enum[0]
      MAX_ARRAY_SIZE = 2147483639
    servlet_23_or_greater = true
    DEFER_SERVLET_REQUEST_LISTENER_DESTROY_ON_ERROR = false
  webAppNameSpaceCollab = class com.ibm.ws.webcontainer.osgi.collaborator.WebAppNameSpaceCollaboratorImpl@121bcf0
    cmdai = class com.ibm.ws.threadContext.ComponentMetaDataAccessorImpl@11bc8faf
      tc = class com.ibm.websphere.ras.TraceComponent@3fabb75b
      cmdai = class com.ibm.ws.threadContext.ComponentMetaDataAccessorImpl@11bc8faf
      threadContext = class com.ibm.ws.threadContext.ThreadContextImpl@76db82d6
      defaultCMD = null
  secCollab = class com.ibm.ws.webcontainer.collaborator.WebAppSecurityCollaborator@4dfb3124
  sessionSecurityIntegrationEnabled = true
  assumeFilterSuccessOnSecurityError = false
  useOriginalRequestState = false
  _evtSource = class com.ibm.ws.webcontainer.webapp.WebAppEventSource@26575a7b
    _invocationListeners = class com.ibm.ws.webcontainer.util.EventListeners@748a5f3b
      EMPTY_LISTENERS = interface java.util.EventListener[0]
      logger = class com.ibm.ws.logging.internal.WsLogger@2c64f979
      CLASS_NAME = "com.ibm.ws.webcontainer.util.EventListeners"
      listeners = interface java.util.EventListener[0]
    _servletListeners = class com.ibm.ws.webcontainer.util.EventListeners@28725643
      EMPTY_LISTENERS = interface java.util.EventListener[0]
      logger = class com.ibm.ws.logging.internal.WsLogger@2c64f979
      CLASS_NAME = "com.ibm.ws.webcontainer.util.EventListeners"
      listeners = interface java.util.EventListener[0]
    _errorListeners = class com.ibm.ws.webcontainer.util.EventListeners@6a7d5d73
      EMPTY_LISTENERS = interface java.util.EventListener[0]
      logger = class com.ibm.ws.logging.internal.WsLogger@2c64f979
      CLASS_NAME = "com.ibm.ws.webcontainer.util.EventListeners"
      listeners = interface java.util.EventListener[0]
    _applicationListeners = class com.ibm.ws.webcontainer.util.EventListeners@4c825fa3
      EMPTY_LISTENERS = interface java.util.EventListener[0]
      logger = class com.ibm.ws.logging.internal.WsLogger@2c64f979
      CLASS_NAME = "com.ibm.ws.webcontainer.util.EventListeners"
      listeners = interface java.util.EventListener[0]
    _filterInvocationListeners = class com.ibm.ws.webcontainer.util.EventListeners@354ed93
      EMPTY_LISTENERS = interface java.util.EventListener[0]
      logger = class com.ibm.ws.logging.internal.WsLogger@2c64f979
      CLASS_NAME = "com.ibm.ws.webcontainer.util.EventListeners"
      listeners = interface java.util.EventListener[0]
    _filterListeners = class com.ibm.ws.webcontainer.util.EventListeners@3cb94f9a
      EMPTY_LISTENERS = interface java.util.EventListener[0]
      logger = class com.ibm.ws.logging.internal.WsLogger@2c64f979
      CLASS_NAME = "com.ibm.ws.webcontainer.util.EventListeners"
      listeners = interface java.util.EventListener[0]
    _filterErrorListeners = class com.ibm.ws.webcontainer.util.EventListeners@2a19269b
      EMPTY_LISTENERS = interface java.util.EventListener[0]
      logger = class com.ibm.ws.logging.internal.WsLogger@2c64f979
      CLASS_NAME = "com.ibm.ws.webcontainer.util.EventListeners"
      listeners = interface java.util.EventListener[0]
  defaultComponentMetaData = class com.ibm.ws.webcontainer.osgi.metadata.WebComponentMetaDataImpl@30f554e7
    j2eeName = class com.ibm.ws.container.service.metadata.internal.J2EENameImpl@6a33cee
      serialVersionUID = 7488184044073147667
      application = "helloworld"
      module = "helloworld.war"
      component = null
      string = "helloworld#helloworld.war"
      j2eeNameBytes = null
      $$$tc$$$ = class com.ibm.websphere.ras.TraceComponent@2da2007
    webModuleMetaData = class com.ibm.ws.webcontainer.osgi.metadata.WebModuleMetaDataImpl@7c022bef
    mBeanServiceReg = null
    tc = class com.ibm.websphere.ras.TraceComponent@3d03811f
      strings[0] = "TraceComponent[com.ibm.ws.runtime.metadata.MetaDataImpl,class com.ibm.ws.runtime.metadata.MetaDataImpl,[Runtime],null,null]"
    NUM_STATIC_SLOTS = 4
    ID_UNINITIALIZED = -1
    id = 1
    metaDataInterface = class java.lang.Class@b4dcba4
      ANNOTATION = 8192
      ENUM = 16384
      SYNTHETIC = 4096
      cachedConstructor = null
      newInstanceCallerCache = null
      name = null
      allPermDomain = null
      smHelper = null
      useCaches = true
      reflectionData = null
      classRedefinedCount = 0
      genericInfo = null
      serialVersionUID = 3206093459760846163
      serialPersistentFields = class java.io.ObjectStreamField[0]
      reflectionFactory = class sun.reflect.ReflectionFactory@58aff4cd
      initted = true
      enumConstants = null
      enumConstantDirectory = null
      annotations = null
      declaredAnnotations = null
      lastAnnotationsRedefinedCount = 0
      annotationType = null
      classValueMap = null
    staticSlots = class java.lang.Object[4]
      Object[0] = null
      Object[1] = null
      Object[2] = null
      Object[3] = null
    dynamicSlots = null
  DEFER_SERVLET_REQUEST_LISTENER_DESTROY_ON_ERROR = false

