------Start of DE processing------ = [1/6/18 12:59:00:306 BRST]
Exception = java.lang.NullPointerException
Source = com.ibm.ws.kernel.service.location.internal.Activator
probeid = 67
Stack Dump = java.lang.NullPointerException
	at com.ibm.ws.kernel.service.location.internal.Activator.start(Activator.java:53)
	at org.eclipse.osgi.internal.framework.BundleContextImpl$3.run(BundleContextImpl.java:779)
	at org.eclipse.osgi.internal.framework.BundleContextImpl$3.run(BundleContextImpl.java:1)
	at java.security.AccessController.doPrivileged(Native Method)
	at org.eclipse.osgi.internal.framework.BundleContextImpl.startActivator(BundleContextImpl.java:772)
	at org.eclipse.osgi.internal.framework.BundleContextImpl.start(BundleContextImpl.java:729)
	at org.eclipse.osgi.internal.framework.EquinoxBundle.startWorker0(EquinoxBundle.java:933)
	at org.eclipse.osgi.internal.framework.EquinoxBundle$EquinoxModule.startWorker(EquinoxBundle.java:309)
	at org.eclipse.osgi.container.Module.doStart(Module.java:581)
	at org.eclipse.osgi.container.Module.start(Module.java:449)
	at org.eclipse.osgi.container.ModuleContainer$ContainerStartLevel.incStartLevel(ModuleContainer.java:1634)
	at org.eclipse.osgi.container.ModuleContainer$ContainerStartLevel.incStartLevel(ModuleContainer.java:1614)
	at org.eclipse.osgi.container.ModuleContainer$ContainerStartLevel.doContainerStartLevel(ModuleContainer.java:1585)
	at org.eclipse.osgi.container.ModuleContainer$ContainerStartLevel.dispatchEvent(ModuleContainer.java:1528)
	at org.eclipse.osgi.container.ModuleContainer$ContainerStartLevel.dispatchEvent(ModuleContainer.java:1)
	at org.eclipse.osgi.framework.eventmgr.EventManager.dispatchEvent(EventManager.java:230)
	at org.eclipse.osgi.framework.eventmgr.EventManager$EventThread.run(EventManager.java:340)

Dump of callerThis
Object type = com.ibm.ws.kernel.service.location.internal.Activator
  tc = class com.ibm.websphere.ras.TraceComponent@3ceeeb48
    strings[0] = "TraceComponent[com.ibm.ws.kernel.service.location.internal.Activator,class com.ibm.ws.kernel.service.location.internal.Activator,[locationService],com.ibm.ws.kernel.service.location.internal.resources.LocServiceMessages,null]"
  context = class org.eclipse.osgi.internal.framework.BundleContextImpl@711a2c8f
    findHookName = "org.osgi.framework.hooks.bundle.FindHook"
    valid = true
    bundle = class org.eclipse.osgi.internal.framework.EquinoxBundle@42648d9e
      equinoxContainer = class org.eclipse.osgi.internal.framework.EquinoxContainer@30ea0dfc
      module = class org.eclipse.osgi.internal.framework.EquinoxBundle$EquinoxModule@e5883fc
      monitor = class java.lang.Object@55411cbf
      context = class org.eclipse.osgi.internal.framework.BundleContextImpl@711a2c8f
      signerInfos = null
      $SWITCH_TABLE$org$eclipse$osgi$container$Module$State = {1,2,3,4,5,6,7} /* array length = 7 */
    container = class org.eclipse.osgi.internal.framework.EquinoxContainer@30ea0dfc
      NAME = "org.eclipse.osgi"
      secureAction = class org.eclipse.osgi.framework.util.SecureAction@4097d66a
      equinoxConfig = class org.eclipse.osgi.internal.framework.EquinoxConfiguration@307dea47
      logServices = class org.eclipse.osgi.internal.log.EquinoxLogServices@1a9ff430
      storage = class org.eclipse.osgi.storage.Storage@7b5888f7
      packageAdmin = class org.eclipse.osgi.internal.framework.legacy.PackageAdminImpl@71884f64
      startLevel = class org.eclipse.osgi.internal.framework.legacy.StartLevelImpl@2c146877
      bootDelegation = class java.util.HashSet@6fd6733c
      bootDelegationStems = class java.lang.String[12]
      bootDelegateAll = false
      isProcessClassRecursionSupportedByAll = false
      eventPublisher = class org.eclipse.osgi.internal.framework.EquinoxEventPublisher@5ffe49b5
      monitor = class java.lang.Object@1dc0fec
      serviceRegistry = class org.eclipse.osgi.internal.serviceregistry.ServiceRegistry@16994fe8
      contextFinder = class org.eclipse.osgi.internal.framework.ContextFinder@2b4d13ef
      signedContentFactory = class org.osgi.util.tracker.ServiceTracker@5990054a
      executor = class java.util.concurrent.ScheduledThreadPoolExecutor@7e4b6b35
      storageSaver = class org.eclipse.osgi.internal.framework.StorageSaver@96ba55a
    debug = class org.eclipse.osgi.internal.debug.Debug@563c347a
      ECLIPSE_OSGI = "org.eclipse.osgi"
      OPTION_DEBUG_GENERAL = "org.eclipse.osgi/debug"
      OPTION_DEBUG_BUNDLE_TIME = "org.eclipse.osgi/debug/bundleTime"
      OPTION_DEBUG_LOADER = "org.eclipse.osgi/debug/loader"
      OPTION_DEBUG_STORAGE = "org.eclipse.osgi/debug/storage"
      OPTION_DEBUG_EVENTS = "org.eclipse.osgi/debug/events"
      OPTION_DEBUG_SERVICES = "org.eclipse.osgi/debug/services"
      OPTION_DEBUG_HOOKS = "org.eclipse.osgi/debug/hooks"
      OPTION_DEBUG_MANIFEST = "org.eclipse.osgi/debug/manifest"
      OPTION_DEBUG_FILTER = "org.eclipse.osgi/debug/filter"
      OPTION_DEBUG_SECURITY = "org.eclipse.osgi/debug/security"
      OPTION_DEBUG_STARTLEVEL = "org.eclipse.osgi/debug/startlevel"
      OPTION_DEBUG_PACKAGEADMIN = "org.eclipse.osgi/debug/packageadmin"
      OPTION_DEBUG_PACKAGEADMIN_TIMING = "org.eclipse.osgi/debug/packageadmin/timing"
      OPTION_MONITOR_ACTIVATION = "org.eclipse.osgi/monitor/activation"
      OPTION_MONITOR_LAZY = "org.eclipse.osgi/monitor/lazy"
      OPTION_DEBUG_MESSAGE_BUNDLES = "org.eclipse.osgi/debug/messageBundles"
      OPTION_DEBUG_LOCATION = "org.eclipse.osgi/debug/location"
      OPTION_CACHED_MANIFEST = "org.eclipse.osgi/debug/cachedmanifest"
      OPTION_DEBUG_SYSTEM_BUNDLE = "org.eclipse.osgi/debug/systemBundle"
      DEBUG_GENERAL = false
      DEBUG_BUNDLE_TIME = false
      DEBUG_LOADER = false
      DEBUG_STORAGE = false
      DEBUG_EVENTS = false
      DEBUG_SERVICES = false
      DEBUG_HOOKS = false
      DEBUG_MANIFEST = false
      DEBUG_FILTER = false
      DEBUG_SECURITY = false
      DEBUG_STARTLEVEL = false
      DEBUG_PACKAGEADMIN = false
      DEBUG_PACKAGEADMIN_TIMING = false
      DEBUG_MESSAGE_BUNDLES = false
      MONITOR_ACTIVATION = false
      DEBUG_LOCATION = false
      DEBUG_CACHED_MANIFEST = false
      DEBUG_SYSTEM_BUNDLE = false
      out = class com.ibm.ws.logging.internal.impl.BaseTraceService$TeePrintStream@7075ddad
    servicesInUse = null
    activator = class com.ibm.ws.kernel.service.location.internal.Activator@75227d3
    contextLock = class java.lang.Object@a9961d1
  contextFactory = null
  serialVersionUID = -4492707902302007934

Dump of objectArray[0]
Object type = org.eclipse.osgi.internal.framework.BundleContextImpl
  findHookName = "org.osgi.framework.hooks.bundle.FindHook"
  valid = true
  bundle = class org.eclipse.osgi.internal.framework.EquinoxBundle@42648d9e
    equinoxContainer = class org.eclipse.osgi.internal.framework.EquinoxContainer@30ea0dfc
    module = class org.eclipse.osgi.internal.framework.EquinoxBundle$EquinoxModule@e5883fc
      this$0 = class org.eclipse.osgi.internal.framework.EquinoxBundle@42648d9e
      ACTIVE_SET = class java.util.RegularEnumSet@6a0d4461
      RESOLVED_SET = class java.util.RegularEnumSet@d0472ac
      id = 4
      location = "kernel@reference:file:/MRXFOCUS/PROJETOS/MRXFOCUS_SMARTHOUSE/smarthouse/3_implementacao/wlp/lib/com.ibm.ws.kernel.service.location_1.1.19.jar"
      revisions = class org.eclipse.osgi.container.ModuleRevisions@1f0480e1
      stateChangeLock = class org.eclipse.osgi.internal.container.EquinoxReentrantLock@60a943af
      stateTransitionEvents = class java.util.RegularEnumSet@89ac7bd
      settings = class java.util.RegularEnumSet@69af4db4
      inStart = class java.util.concurrent.atomic.AtomicInteger@74169aa0
      state = class org.eclipse.osgi.container.Module$State@7801b9ea
      startlevel = 2
      lastModified = 1515250381443
      VALID_RESOLVED_TRANSITION = class java.util.RegularEnumSet@3954ef33
      VALID_STOPPED_TRANSITION = class java.util.RegularEnumSet@77241aac
      $SWITCH_TABLE$org$eclipse$osgi$container$ModuleContainerAdaptor$ModuleEvent = {1,2,3,4,5,6,7,8,9,10} /* array length = 10 */
    monitor = class java.lang.Object@55411cbf
    context = class org.eclipse.osgi.internal.framework.BundleContextImpl@711a2c8f
    signerInfos = null
    $SWITCH_TABLE$org$eclipse$osgi$container$Module$State = {1,2,3,4,5,6,7} /* array length = 7 */
  container = class org.eclipse.osgi.internal.framework.EquinoxContainer@30ea0dfc
    NAME = "org.eclipse.osgi"
    secureAction = class org.eclipse.osgi.framework.util.SecureAction@4097d66a
      controlContext = class java.security.AccessControlContext@6744b0d4
      bootClassLoader = class org.eclipse.osgi.framework.util.SecureAction$1$1@4eb56343
    equinoxConfig = class org.eclipse.osgi.internal.framework.EquinoxConfiguration@307dea47
      CONFIG_FILE = "config.ini"
      INTERNAL_OS_SUNOS = "SunOS"
      INTERNAL_OS_LINUX = "Linux"
      INTERNAL_OS_MACOSX = "Mac OS"
      INTERNAL_OS_AIX = "AIX"
      INTERNAL_OS_HPUX = "HP-UX"
      INTERNAL_OS_QNX = "QNX"
      INTERNAL_OS_OS400 = "OS/400"
      INTERNAL_OS_OS390 = "OS/390"
      INTERNAL_OS_ZOS = "z/OS"
      INTERNAL_ARCH_I386 = "i386"
      INTERNAL_AMD64 = "amd64"
      VARIABLE_DELIM_STRING = "$"
      VARIABLE_DELIM_CHAR = $
      configValues = class org.eclipse.osgi.internal.framework.EquinoxConfiguration$ConfigValues@364a1425
      debug = class org.eclipse.osgi.internal.debug.Debug@563c347a
      debugOptions = class org.eclipse.osgi.internal.debug.FrameworkDebugOptions@3970a4fb
      hookRegistry = class org.eclipse.osgi.internal.hookregistry.HookRegistry@39cc65b1
      aliasMapper = class org.eclipse.osgi.internal.framework.AliasMapper@1a28651c
      equinoxLocations = class org.eclipse.osgi.internal.location.EquinoxLocations@52061eae
      allArgs = null
      frameworkArgs = null
      appArgs = null
      inDevelopmentMode = false
      devLocation = null
      devMonitor = class java.lang.Object@fc85b94
      devDefaultClasspath = null
      devProperties = null
      devLastModified = 0
      contextBootDelegation = false
      compatibilityBootDelegation = false
      compatibilityLazyTriggerOnFailLoad = false
      LIB_EXTENSIONS = class java.util.Collections$UnmodifiableRandomAccessList@2af459a4
      ECLIPSE_LIB_VARIANTS = class java.util.Collections$UnmodifiableRandomAccessList@10293404
      COPY_NATIVES = false
      ECLIPSE_NL_JAR_VARIANTS = class java.util.ArrayList@115fae6
      DEFINE_PACKAGE_ATTRIBUTES = true
      BUNDLE_SET_TCCL = true
      BSN_VERSION = 3
      BSN_VERSION_SINGLE = 1
      BSN_VERSION_MULTIPLE = 2
      BSN_VERSION_MANAGED = 3
      throwErrorOnFailedStart = true
      CLASS_CERTIFICATE = true
      PARALLEL_CAPABLE = false
      PROP_JVM_OS_ARCH = "os.arch"
      PROP_JVM_OS_NAME = "os.name"
      PROP_JVM_OS_VERSION = "os.version"
      PROP_JVM_SPEC_VERSION = "java.specification.version"
      PROP_JVM_SPEC_NAME = "java.specification.name"
      PROP_J2ME_MICROEDITION_CONFIGURATION = "microedition.configuration"
      PROP_J2ME_MICROEDITION_PROFILES = "microedition.profiles"
      PROP_SETPERMS_CMD = "osgi.filepermissions.command"
      PROP_DEBUG = "osgi.debug"
      PROP_DEBUG_VERBOSE = "osgi.debug.verbose"
      PROP_DEV = "osgi.dev"
      PROP_CLEAN = "osgi.clean"
      PROP_USE_SYSTEM_PROPERTIES = "osgi.framework.useSystemProperties"
      PROP_FRAMEWORK = "osgi.framework"
      ECLIPSE_FRAMEWORK_VENDOR = "Eclipse"
      PROP_OSGI_JAVA_PROFILE = "osgi.java.profile"
      PROP_OSGI_JAVA_PROFILE_NAME = "osgi.java.profile.name"
      PROP_OSGI_JAVA_PROFILE_BOOTDELEGATION = "osgi.java.profile.bootdelegation"
      PROP_OSGI_BOOTDELEGATION_IGNORE = "ignore"
      PROP_OSGI_BOOTDELEGATION_OVERRIDE = "override"
      PROP_OSGI_BOOTDELEGATION_NONE = "none"
      PROP_CONTEXT_BOOTDELEGATION = "osgi.context.bootdelegation"
      PROP_COMPATIBILITY_BOOTDELEGATION = "osgi.compatibility.bootdelegation"
      PROP_COMPATIBILITY_ERROR_FAILED_START = "osgi.compatibility.errorOnFailedStart"
      PROP_COMPATIBILITY_START_LAZY = "osgi.compatibility.eagerStart.LazyActivation"
      PROP_COMPATIBILITY_START_LAZY_ON_FAIL_CLASSLOAD = "osgi.compatibility.trigger.lazyActivation.onFailedClassLoad"
      PROP_OSGI_OS = "osgi.os"
      PROP_OSGI_WS = "osgi.ws"
      PROP_OSGI_ARCH = "osgi.arch"
      PROP_OSGI_NL = "osgi.nl"
      PROP_OSGI_NL_USER = "osgi.nl.user"
      PROP_ROOT_LOCALE = "equinox.root.locale"
      PROP_PARENT_CLASSLOADER = "osgi.parentClassloader"
      PARENT_CLASSLOADER_FWK = "fwk"
      PROP_CONTEXTCLASSLOADER_PARENT = "osgi.contextClassLoaderParent"
      CONTEXTCLASSLOADER_PARENT_APP = "app"
      CONTEXTCLASSLOADER_PARENT_EXT = "ext"
      CONTEXTCLASSLOADER_PARENT_BOOT = "boot"
      CONTEXTCLASSLOADER_PARENT_FWK = "fwk"
      PROP_FRAMEWORK_LIBRARY_EXTENSIONS = "osgi.framework.library.extensions"
      PROP_COPY_NATIVES = "osgi.classloader.copy.natives"
      PROP_DEFINE_PACKAGES = "osgi.classloader.define.packages"
      PROP_BUNDLE_SETTCCL = "eclipse.bundle.setTCCL"
      PROP_EQUINOX_SECURITY = "eclipse.security"
      PROP_FILE_LIMIT = "osgi.bundlefile.limit"
      PROP_CLASS_CERTIFICATE_SUPPORT = "osgi.support.class.certificate"
      PROP_CLASS_LOADER_TYPE = "osgi.classloader.type"
      CLASS_LOADER_TYPE_PARALLEL = "parallel"
      PROP_FORCED_RESTART = "osgi.forcedRestart"
      PROP_IGNORE_USER_CONFIGURATION = "eclipse.ignoreUserConfiguration"
      PROPERTY_STRICT_BUNDLE_ENTRY_PATH = "osgi.strictBundleEntryPath"
      PROP_CHECK_CONFIGURATION = "osgi.checkConfiguration"
      inCheckConfigurationMode = true
      DEFAULT_STATE_SAVE_DELAY_INTERVAL = "30000"
      PROP_STATE_SAVE_DELAY_INTERVAL = "eclipse.stateSaveDelayInterval"
      PROP_MODULE_LOCK_TIMEOUT = "osgi.module.lock.timeout"
      PROP_MODULE_AUTO_START_ON_RESOLVE = "osgi.module.auto.start.on.resolve"
      PROP_ALLOW_RESTRICTED_PROVIDES = "osgi.equinox.allow.restricted.provides"
      PROP_LOG_HISTORY_MAX = "equinox.log.history.max"
      PROP_RESOLVER_THREAD_COUNT = "equinox.resolver.thead.count"
      PROP_RESOLVER_REVISION_BATCH_SIZE = "equinox.resolver.revision.batch.size"
      PROP_RESOLVER_BATCH_TIMEOUT = "equinox.resolver.batch.timeout"
      PROP_SYSTEM_PROVIDE_HEADER = "equinox.system.provide.header"
      SYSTEM_PROVIDE_HEADER_ORIGINAL = "original"
      SYSTEM_PROVIDE_HEADER_SYSTEM = "system"
      SYSTEM_PROVIDE_HEADER_SYSTEM_EXTRA = "system.extra"
      PROP_DEFAULT_SUFFIX = ".default"
      PROP_WITH_ECLIPSE_STARTER_DEFAULTS = class java.util.Collections$SingletonList@1cf1df22
      PROP_INIT_UUID = "equinox.init.uuid"
      PROP_ACTIVE_THREAD_TYPE = "osgi.framework.activeThreadType"
      ACTIVE_THREAD_TYPE_NORMAL = "normal"
    logServices = class org.eclipse.osgi.internal.log.EquinoxLogServices@1a9ff430
      EQUINOX_LOGGER_NAME = "org.eclipse.equinox.logger"
      PERF_LOGGER_NAME = "org.eclipse.performance.logger"
      PROP_LOG_ENABLED = "eclipse.log.enabled"
      LOG_EXT = ".log"
      logServiceManager = class org.eclipse.osgi.internal.log.LogServiceManager@66f6bff
      eclipseLogFactory = class org.eclipse.osgi.internal.log.EquinoxLogFactory@7d1b35a5
      logWriter = class org.eclipse.osgi.internal.log.EquinoxLogWriter@55f23ce
      perfWriter = class org.eclipse.osgi.internal.log.EquinoxLogWriter@2927ac23
      rootFrameworkLog = class org.eclipse.osgi.internal.log.EquinoxLogFactory$1@6b9642f0
      frameworkLogReg = class org.eclipse.osgi.internal.serviceregistry.ServiceRegistrationImpl@5604d1be
      perfLogReg = class org.eclipse.osgi.internal.serviceregistry.ServiceRegistrationImpl@56663d10
    storage = class org.eclipse.osgi.storage.Storage@7b5888f7
      VERSION = 3
      BUNDLE_DATA_DIR = "data"
      BUNDLE_FILE_NAME = "bundleFile"
      FRAMEWORK_INFO = "framework.info"
      ECLIPSE_SYSTEMBUNDLE = "Eclipse-SystemBundle"
      DELETE_FLAG = ".delete"
      LIB_TEMP = "libtemp"
      J2SE = "J2SE"
      JAVASE = "JavaSE"
      PROFILE_EXT = ".profile"
      NUL = " "
      INITIAL_LOCATION = "initial@"
      secureAction = class org.eclipse.osgi.framework.util.SecureAction@285bd7e8
      equinoxContainer = class org.eclipse.osgi.internal.framework.EquinoxContainer@30ea0dfc
      installPath = "/MRXFOCUS/PROJETOS/MRXFOCUS_SMARTHOUSE/smarthouse/3_implementacao/wlp/lib/"
      osgiLocation = class org.eclipse.osgi.internal.location.BasicLocation@4e9fd887
      childRoot = class java.io.File@6040af64
      parentRoot = null
      permissionData = class org.eclipse.osgi.storage.PermissionData@36baff9a
      securityAdmin = class org.eclipse.osgi.internal.permadmin.SecurityAdmin@2ee2f388
      adaptor = class org.eclipse.osgi.internal.framework.EquinoxContainerAdaptor@35e27dc4
      moduleDatabase = class org.eclipse.osgi.container.ModuleDatabase@28aeea7f
      moduleContainer = class org.eclipse.osgi.container.ModuleContainer@44fb1c22
      saveMonitor = class java.lang.Object@73a54cb6
      lastSavedTimestamp = 1515250381136
      mruList = class org.eclipse.osgi.storage.bundlefile.MRUBundleFileList@694f7c0a
      extensionInstaller = class org.eclipse.osgi.storage.FrameworkExtensionInstaller@6158aa89
      cachedHeaderKeys = class java.util.Arrays$ArrayList@4243a4d
      allowRestrictedProvides = true
    packageAdmin = class org.eclipse.osgi.internal.framework.legacy.PackageAdminImpl@71884f64
      container = class org.eclipse.osgi.container.ModuleContainer@44fb1c22
    startLevel = class org.eclipse.osgi.internal.framework.legacy.StartLevelImpl@2c146877
      container = class org.eclipse.osgi.container.ModuleContainer@44fb1c22
    bootDelegation = class java.util.HashSet@6fd6733c
      serialVersionUID = -5024744406713321676
      map = class java.util.HashMap@2d0a7f17
      PRESENT = class java.lang.Object@c1dd61b
      MAX_ARRAY_SIZE = 2147483639
    bootDelegationStems = class java.lang.String[12]
      String[0] = "sun."
      String[1] = "com.sun."
      String[2] = "com.ibm.ws.boot.delegated."
      String[3] = "org.apache.xml."
      String[4] = "org.apache.xerces."
      String[5] = "com.ibm.xylem."
      String[6] = "com.ibm.xml."
      String[7] = "com.ibm.xtq."
      String[8] = "com.ibm.net.ssl."
      String[9] = "com.ibm.crypto."
      String[10] = "com.ibm.security."
      String[11] = "jdk."
    bootDelegateAll = false
    isProcessClassRecursionSupportedByAll = false
    eventPublisher = class org.eclipse.osgi.internal.framework.EquinoxEventPublisher@5ffe49b5
      eventHookName = "org.osgi.framework.hooks.bundle.EventHook"
      collisionHookName = "org.osgi.framework.hooks.bundle.CollisionHook"
      FRAMEWORK_STOPPED_MASK = 448
      BUNDLEEVENT = 1
      BUNDLEEVENTSYNC = 2
      FRAMEWORKEVENT = 4
      container = class org.eclipse.osgi.internal.framework.EquinoxContainer@30ea0dfc
      monitor = class java.lang.Object@22c13eca
      eventManager = class org.eclipse.osgi.framework.eventmgr.EventManager@3d015199
      allBundleListeners = class java.util.HashMap@21943319
      allSyncBundleListeners = class java.util.HashMap@8a6bf88
      allFrameworkListeners = class java.util.HashMap@7b687e27
    monitor = class java.lang.Object@1dc0fec
    serviceRegistry = class org.eclipse.osgi.internal.serviceregistry.ServiceRegistry@16994fe8
      SERVICEEVENT = 3
      findHookName = "org.osgi.framework.hooks.service.FindHook"
      eventHookName = "org.osgi.framework.hooks.service.EventHook"
      eventListenerHookName = "org.osgi.framework.hooks.service.EventListenerHook"
      listenerHookName = "org.osgi.framework.hooks.service.ListenerHook"
      publishedServicesByClass = class java.util.HashMap@7fbee467
      allPublishedServices = class java.util.ArrayList@4d8567b6
      publishedServicesByContext = class java.util.HashMap@715c057c
      serviceid = 40
      serviceEventListeners = class java.util.HashMap@75707c77
      initialCapacity = 50
      initialSubCapacity = 10
      container = class org.eclipse.osgi.internal.framework.EquinoxContainer@30ea0dfc
      systemBundleContext = class org.eclipse.osgi.internal.framework.BundleContextImpl@410676f3
      debug = class org.eclipse.osgi.internal.debug.Debug@563c347a
      $assertionsDisabled = true
    contextFinder = class org.eclipse.osgi.internal.framework.ContextFinder@2b4d13ef
      cycleDetector = class java.lang.ThreadLocal@16d27e69
      finderClassLoader = class com.ibm.ws.kernel.internal.classloader.BootstrapChildFirstJarClassloader@27e9093a
      contextFinder = class org.eclipse.osgi.internal.framework.ContextFinder$Finder@55692b33
      THIS = class java.lang.Class@51580d5e
      parentContextClassLoader = class sun.misc.Launcher$AppClassLoader@799dbc3b
      parent = class sun.misc.Launcher$AppClassLoader@799dbc3b
      parallelLockMap = null
      package2certs = class java.util.Hashtable@6b934d13
      nocerts = class java.security.cert.Certificate[0]
      classes = class java.util.Vector@13a95192
      defaultDomain = class java.security.ProtectionDomain@512a5253
      domains = class java.util.HashSet@3182f0c6
      packages = class java.util.HashMap@b8d708f
      scl = class sun.misc.Launcher$AppClassLoader@799dbc3b
      sclSet = true
      loadedLibraryNames = class java.util.Vector@74b6607a
      systemNativeLibraries = class java.util.Vector@71782572
      nativeLibraries = class java.util.Vector@6e29991
      nativeLibraryContext = class java.util.Stack@6d0021f
      usr_paths = class java.lang.String[6]
      sys_paths = class java.lang.String[1]
      assertionLock = class org.eclipse.osgi.internal.framework.ContextFinder@2b4d13ef
      defaultAssertionStatus = false
      packageAssertionStatus = null
      classAssertionStatus = null
    signedContentFactory = class org.osgi.util.tracker.ServiceTracker@5990054a
      DEBUG = false
      context = class org.eclipse.osgi.internal.framework.BundleContextImpl@410676f3
      filter = class org.eclipse.osgi.internal.framework.FilterImpl@66d023da
      customizer = class org.osgi.util.tracker.ServiceTracker@5990054a
      listenerFilter = "(objectClass=org.eclipse.osgi.signedcontent.SignedContentFactory)"
      trackClass = "org.eclipse.osgi.signedcontent.SignedContentFactory"
      trackReference = null
      tracked = class org.osgi.util.tracker.ServiceTracker$Tracked@6ae1f1f1
      cachedReference = null
      cachedService = null
    executor = class java.util.concurrent.ScheduledThreadPoolExecutor@7e4b6b35
      continueExistingPeriodicTasksAfterShutdown = false
      executeExistingDelayedTasksAfterShutdown = true
      removeOnCancel = false
      sequencer = class java.util.concurrent.atomic.AtomicLong@367b709b
      ctl = class java.util.concurrent.atomic.AtomicInteger@1a74bd75
      COUNT_BITS = 29
      CAPACITY = 536870911
      RUNNING = -536870912
      SHUTDOWN = 0
      STOP = 536870912
      TIDYING = 1073741824
      TERMINATED = 1610612736
      workQueue = class java.util.concurrent.ScheduledThreadPoolExecutor$DelayedWorkQueue@664259e4
      mainLock = class java.util.concurrent.locks.ReentrantLock@e1bbc2f
      workers = class java.util.HashSet@3edfb8e5
      termination = class java.util.concurrent.locks.AbstractQueuedSynchronizer$ConditionObject@51e3e2a2
      largestPoolSize = 1
      completedTaskCount = 0
      threadFactory = class org.eclipse.osgi.internal.framework.EquinoxContainer@30ea0dfc
      handler = class java.util.concurrent.ThreadPoolExecutor$AbortPolicy@5712998a
      keepAliveTime = 0
      allowCoreThreadTimeOut = false
      corePoolSize = 1
      maximumPoolSize = 2147483647
      defaultHandler = class java.util.concurrent.ThreadPoolExecutor$AbortPolicy@5712998a
      shutdownPerm = class java.lang.RuntimePermission@61e5faf
      ONLY_ONE = true
      $assertionsDisabled = true
    storageSaver = class org.eclipse.osgi.internal.framework.StorageSaver@96ba55a
      container = class org.eclipse.osgi.internal.framework.EquinoxContainer@30ea0dfc
      delay = 30000
      future = class java.util.concurrent.ScheduledThreadPoolExecutor$ScheduledFutureTask@49cbe1ec
      hook = class java.lang.Thread@7b550f21
      task = class org.eclipse.osgi.internal.framework.StorageSaver$StorageSaverTask@685d72cd
  debug = class org.eclipse.osgi.internal.debug.Debug@563c347a
    ECLIPSE_OSGI = "org.eclipse.osgi"
    OPTION_DEBUG_GENERAL = "org.eclipse.osgi/debug"
    OPTION_DEBUG_BUNDLE_TIME = "org.eclipse.osgi/debug/bundleTime"
    OPTION_DEBUG_LOADER = "org.eclipse.osgi/debug/loader"
    OPTION_DEBUG_STORAGE = "org.eclipse.osgi/debug/storage"
    OPTION_DEBUG_EVENTS = "org.eclipse.osgi/debug/events"
    OPTION_DEBUG_SERVICES = "org.eclipse.osgi/debug/services"
    OPTION_DEBUG_HOOKS = "org.eclipse.osgi/debug/hooks"
    OPTION_DEBUG_MANIFEST = "org.eclipse.osgi/debug/manifest"
    OPTION_DEBUG_FILTER = "org.eclipse.osgi/debug/filter"
    OPTION_DEBUG_SECURITY = "org.eclipse.osgi/debug/security"
    OPTION_DEBUG_STARTLEVEL = "org.eclipse.osgi/debug/startlevel"
    OPTION_DEBUG_PACKAGEADMIN = "org.eclipse.osgi/debug/packageadmin"
    OPTION_DEBUG_PACKAGEADMIN_TIMING = "org.eclipse.osgi/debug/packageadmin/timing"
    OPTION_MONITOR_ACTIVATION = "org.eclipse.osgi/monitor/activation"
    OPTION_MONITOR_LAZY = "org.eclipse.osgi/monitor/lazy"
    OPTION_DEBUG_MESSAGE_BUNDLES = "org.eclipse.osgi/debug/messageBundles"
    OPTION_DEBUG_LOCATION = "org.eclipse.osgi/debug/location"
    OPTION_CACHED_MANIFEST = "org.eclipse.osgi/debug/cachedmanifest"
    OPTION_DEBUG_SYSTEM_BUNDLE = "org.eclipse.osgi/debug/systemBundle"
    DEBUG_GENERAL = false
    DEBUG_BUNDLE_TIME = false
    DEBUG_LOADER = false
    DEBUG_STORAGE = false
    DEBUG_EVENTS = false
    DEBUG_SERVICES = false
    DEBUG_HOOKS = false
    DEBUG_MANIFEST = false
    DEBUG_FILTER = false
    DEBUG_SECURITY = false
    DEBUG_STARTLEVEL = false
    DEBUG_PACKAGEADMIN = false
    DEBUG_PACKAGEADMIN_TIMING = false
    DEBUG_MESSAGE_BUNDLES = false
    MONITOR_ACTIVATION = false
    DEBUG_LOCATION = false
    DEBUG_CACHED_MANIFEST = false
    DEBUG_SYSTEM_BUNDLE = false
    out = class com.ibm.ws.logging.internal.impl.BaseTraceService$TeePrintStream@7075ddad
      trStream = class com.ibm.ws.logging.internal.impl.BaseTraceService$TrOutputStream@4ec93402
      autoFlush = true
      trouble = false
      formatter = null
      textOut = class java.io.BufferedWriter@653b6d0c
      charOut = class java.io.OutputStreamWriter@207462c0
      closing = false
      out = class com.ibm.ws.logging.internal.impl.BaseTraceService$TrOutputStream@4ec93402
  servicesInUse = null
  activator = class com.ibm.ws.kernel.service.location.internal.Activator@75227d3
    tc = class com.ibm.websphere.ras.TraceComponent@3ceeeb48
      strings[0] = "TraceComponent[com.ibm.ws.kernel.service.location.internal.Activator,class com.ibm.ws.kernel.service.location.internal.Activator,[locationService],com.ibm.ws.kernel.service.location.internal.resources.LocServiceMessages,null]"
    context = class org.eclipse.osgi.internal.framework.BundleContextImpl@711a2c8f
    contextFactory = null
    serialVersionUID = -4492707902302007934
  contextLock = class java.lang.Object@a9961d1

